{"level":"info","message":"Express server is running on port 8000","timestamp":"2025-04-02 08:38:20 PM +0300"}
{"level":"info","message":"Express server is running on port 8000","timestamp":"2025-04-02 08:38:22 PM +0300"}
{"level":"info","message":"Express server is running on port 8000","timestamp":"2025-04-02 08:43:19 PM +0300"}
{"level":"info","message":"Express server is running on port 8000","timestamp":"2025-04-02 09:32:24 PM +0300"}
{"level":"info","message":"Express server is running on port 8000","timestamp":"2025-04-02 09:56:26 PM +0300"}
{"level":"info","message":"Express server is running on port 8000","timestamp":"2025-04-02 10:13:36 PM +0300"}
{"level":"info","message":"Express server is running on port 8000","timestamp":"2025-04-07 06:16:57 PM +0300"}
{"level":"info","message":"Express server is running on port 8000","timestamp":"2025-04-07 06:18:16 PM +0300"}
{"level":"info","message":"Express server is running on port 8000","timestamp":"2025-04-07 06:48:08 PM +0300"}
{"level":"info","message":"Express server is running on port 8000","timestamp":"2025-04-07 06:50:01 PM +0300"}
{"level":"info","message":"Express server is running on port 8000","timestamp":"2025-04-07 06:50:04 PM +0300"}
{"level":"info","message":"Express server is running on port 8000","timestamp":"2025-04-07 06:52:02 PM +0300"}
{"level":"info","message":"Express server is running on port 8000","timestamp":"2025-04-07 06:59:56 PM +0300"}
{"level":"info","message":"DB connected","timestamp":"2025-04-07 06:59:58 PM +0300"}
{"level":"info","message":"Express server is running on port 8000","timestamp":"2025-04-07 07:16:27 PM +0300"}
{"level":"info","message":"DB connected","timestamp":"2025-04-07 07:16:30 PM +0300"}
{"level":"info","message":"Express server is running on port 8000","timestamp":"2025-04-07 07:21:51 PM +0300"}
{"level":"info","message":"DB connected","timestamp":"2025-04-07 07:21:53 PM +0300"}
{"level":"info","message":"Express server is running on port 8000","timestamp":"2025-04-08 06:28:51 PM +0300"}
{"level":"info","message":"DB connected","timestamp":"2025-04-08 06:28:54 PM +0300"}
{"level":"info","message":"Costumer signup","timestamp":"2025-04-08 06:29:46 PM +0300"}
{"level":"info","message":"Adding User  :fff is successfully","timestamp":"2025-04-08 06:29:46 PM +0300"}
{"level":"info","message":"Express server is running on port 8000","timestamp":"2025-04-09 12:06:34 AM +0300"}
{"level":"info","message":"DB connected","timestamp":"2025-04-09 12:06:37 AM +0300"}
{"level":"info","message":"Costumer signup","timestamp":"2025-04-09 12:07:04 AM +0300"}
{"level":"info","message":"Express server is running on port 8000","timestamp":"2025-04-09 12:08:24 AM +0300"}
{"level":"info","message":"DB connected","timestamp":"2025-04-09 12:08:26 AM +0300"}
{"level":"info","message":"Express server is running on port 8000","timestamp":"2025-04-09 12:08:39 AM +0300"}
{"level":"info","message":"Express server is running on port 8000","timestamp":"2025-04-09 12:08:40 AM +0300"}
{"level":"info","message":"Express server is running on port 8000","timestamp":"2025-04-09 12:08:42 AM +0300"}
{"level":"info","message":"DB connected","timestamp":"2025-04-09 12:08:44 AM +0300"}
{"level":"info","message":"Express server is running on port 8000","timestamp":"2025-04-09 12:11:34 AM +0300"}
{"level":"info","message":"Express server is running on port 8000","timestamp":"2025-04-09 12:11:38 AM +0300"}
{"level":"info","message":"DB connected","timestamp":"2025-04-09 12:11:41 AM +0300"}
{"level":"info","message":"Express server is running on port 8000","timestamp":"2025-04-09 12:11:49 AM +0300"}
{"level":"info","message":"DB connected","timestamp":"2025-04-09 12:11:51 AM +0300"}
{"level":"info","message":"Express server is running on port 8000","timestamp":"2025-04-09 12:12:07 AM +0300"}
{"level":"info","message":"DB connected","timestamp":"2025-04-09 12:12:10 AM +0300"}
{"level":"info","message":"Costumer signup","timestamp":"2025-04-09 12:13:31 AM +0300"}
{"level":"info","message":"Express server is running on port 8000","timestamp":"2025-04-09 12:20:07 AM +0300"}
{"level":"info","message":"DB connected","timestamp":"2025-04-09 12:20:09 AM +0300"}
{"level":"info","message":"Express server is running on port 8000","timestamp":"2025-04-09 12:21:29 AM +0300"}
{"level":"info","message":"DB connected","timestamp":"2025-04-09 12:21:31 AM +0300"}
{"level":"info","message":"Express server is running on port 8000","timestamp":"2025-04-09 12:22:11 AM +0300"}
{"level":"info","message":"Express server is running on port 8000","timestamp":"2025-04-09 12:22:13 AM +0300"}
{"level":"info","message":"DB connected","timestamp":"2025-04-09 12:22:15 AM +0300"}
{"level":"info","message":"Express server is running on port 8000","timestamp":"2025-04-09 12:28:12 AM +0300"}
{"level":"info","message":"DB connected","timestamp":"2025-04-09 12:28:14 AM +0300"}
{"level":"info","message":"Express server is running on port 8000","timestamp":"2025-04-09 12:30:17 AM +0300"}
{"level":"info","message":"Express server is running on port 8000","timestamp":"2025-04-09 12:30:19 AM +0300"}
{"level":"info","message":"DB connected","timestamp":"2025-04-09 12:30:21 AM +0300"}
{"level":"info","message":"Express server is running on port 8000","timestamp":"2025-04-09 12:30:24 AM +0300"}
{"level":"info","message":"DB connected","timestamp":"2025-04-09 12:30:27 AM +0300"}
{"level":"info","message":"Express server is running on port 8000","timestamp":"2025-04-09 12:30:28 AM +0300"}
{"level":"info","message":"DB connected","timestamp":"2025-04-09 12:30:30 AM +0300"}
{"level":"info","message":"Express server is running on port 8000","timestamp":"2025-04-09 12:30:40 AM +0300"}
{"level":"info","message":"DB connected","timestamp":"2025-04-09 12:30:43 AM +0300"}
{"level":"info","message":"Express server is running on port 8000","timestamp":"2025-04-09 12:35:14 AM +0300"}
{"level":"info","message":"DB connected","timestamp":"2025-04-09 12:35:16 AM +0300"}
{"level":"info","message":"Express server is running on port 8000","timestamp":"2025-04-09 12:39:14 AM +0300"}
{"level":"info","message":"DB connected","timestamp":"2025-04-09 12:39:17 AM +0300"}
{"level":"info","message":"Express server is running on port 8000","timestamp":"2025-04-09 12:42:11 AM +0300"}
{"level":"info","message":"Express server is running on port 8000","timestamp":"2025-04-09 12:44:28 AM +0300"}
{"level":"info","message":"DB connected","timestamp":"2025-04-09 12:44:30 AM +0300"}
{"level":"info","message":"Worker signup","timestamp":"2025-04-09 12:44:45 AM +0300"}
{"level":"info","message":"Adding User  :fff is successfully","timestamp":"2025-04-09 12:44:46 AM +0300"}
{"level":"info","message":"Costumer signup","timestamp":"2025-04-09 12:45:43 AM +0300"}
{"level":"info","message":"Adding User  :fff is successfully","timestamp":"2025-04-09 12:45:44 AM +0300"}
{"level":"info","message":"Express server is running on port 8000","timestamp":"2025-04-09 12:58:16 AM +0300"}
{"level":"info","message":"DB connected","timestamp":"2025-04-09 12:58:18 AM +0300"}
{"level":"info","message":"Costumer signup","timestamp":"2025-04-09 12:59:09 AM +0300"}
{"level":"info","message":"Adding User  :fff is successfully","timestamp":"2025-04-09 12:59:09 AM +0300"}
{"level":"info","message":"Costumer signup","timestamp":"2025-04-09 01:07:16 AM +0300"}
{"level":"info","message":"Adding User  :fff is successfully","timestamp":"2025-04-09 01:07:16 AM +0300"}
{"level":"info","message":"Costumer signup","timestamp":"2025-04-09 01:08:17 AM +0300"}
{"level":"info","message":"Adding User  :fff is successfully","timestamp":"2025-04-09 01:08:17 AM +0300"}
{"level":"info","message":"Express server is running on port 8000","timestamp":"2025-04-09 01:11:46 AM +0300"}
{"level":"info","message":"DB connected","timestamp":"2025-04-09 01:11:49 AM +0300"}
{"level":"info","message":"Costumer signup","timestamp":"2025-04-09 01:12:04 AM +0300"}
{"level":"info","message":"Costumer signup","timestamp":"2025-04-09 01:12:29 AM +0300"}
{"level":"info","message":"Adding User  :fff is successfully","timestamp":"2025-04-09 01:12:29 AM +0300"}
{"level":"info","message":"Express server is running on port 8000","timestamp":"2025-04-09 01:16:46 AM +0300"}
{"level":"info","message":"DB connected","timestamp":"2025-04-09 01:16:49 AM +0300"}
{"level":"info","message":"Express server is running on port 8000","timestamp":"2025-04-09 01:16:51 AM +0300"}
{"level":"info","message":"DB connected","timestamp":"2025-04-09 01:16:54 AM +0300"}
{"level":"info","message":"Express server is running on port 8000","timestamp":"2025-04-09 01:17:01 AM +0300"}
{"level":"info","message":"DB connected","timestamp":"2025-04-09 01:17:03 AM +0300"}
{"level":"info","message":"Express server is running on port 8000","timestamp":"2025-04-09 01:17:05 AM +0300"}
{"level":"info","message":"DB connected","timestamp":"2025-04-09 01:17:08 AM +0300"}
{"level":"info","message":"Express server is running on port 8000","timestamp":"2025-04-09 01:17:18 AM +0300"}
{"level":"info","message":"DB connected","timestamp":"2025-04-09 01:17:20 AM +0300"}
{"level":"info","message":"Express server is running on port 8000","timestamp":"2025-04-09 01:17:22 AM +0300"}
{"level":"info","message":"DB connected","timestamp":"2025-04-09 01:17:25 AM +0300"}
{"level":"info","message":"Costumer signup","timestamp":"2025-04-09 01:18:06 AM +0300"}
{"level":"info","message":"Adding User  :fff is successfully","timestamp":"2025-04-09 01:18:06 AM +0300"}
{"level":"info","message":"Express server is running on port 8000","timestamp":"2025-04-09 01:19:48 AM +0300"}
{"level":"info","message":"DB connected","timestamp":"2025-04-09 01:19:50 AM +0300"}
{"level":"info","message":"Express server is running on port 8000","timestamp":"2025-04-09 01:19:52 AM +0300"}
{"level":"info","message":"Express server is running on port 8000","timestamp":"2025-04-09 01:19:56 AM +0300"}
{"level":"info","message":"DB connected","timestamp":"2025-04-09 01:19:58 AM +0300"}
{"level":"info","message":"Costumer signup","timestamp":"2025-04-09 01:20:18 AM +0300"}
{"level":"info","message":"Adding User  :fff is successfully","timestamp":"2025-04-09 01:20:19 AM +0300"}
{"level":"info","message":"Express server is running on port 8000","timestamp":"2025-04-09 01:22:41 AM +0300"}
{"level":"info","message":"Express server is running on port 8000","timestamp":"2025-04-09 01:22:44 AM +0300"}
{"level":"info","message":"DB connected","timestamp":"2025-04-09 01:22:47 AM +0300"}
{"level":"info","message":"Express server is running on port 8000","timestamp":"2025-04-09 01:22:49 AM +0300"}
{"level":"info","message":"DB connected","timestamp":"2025-04-09 01:22:51 AM +0300"}
{"level":"info","message":"Costumer signup","timestamp":"2025-04-09 01:23:04 AM +0300"}
{"level":"info","message":"Adding User  :fff is successfully","timestamp":"2025-04-09 01:23:04 AM +0300"}
{"level":"info","message":"Express server is running on port 8000","timestamp":"2025-04-09 01:26:54 AM +0300"}
{"level":"info","message":"Express server is running on port 8000","timestamp":"2025-04-09 01:26:56 AM +0300"}
{"level":"info","message":"DB connected","timestamp":"2025-04-09 01:26:58 AM +0300"}
{"level":"info","message":"Costumer signup","timestamp":"2025-04-09 01:27:13 AM +0300"}
{"level":"info","message":"Adding User  :fff is successfully","timestamp":"2025-04-09 01:27:14 AM +0300"}
{"level":"info","message":"Express server is running on port 8000","timestamp":"2025-04-09 01:30:13 AM +0300"}
{"level":"info","message":"DB connected","timestamp":"2025-04-09 01:30:15 AM +0300"}
{"level":"info","message":"Express server is running on port 8000","timestamp":"2025-04-09 01:30:17 AM +0300"}
{"level":"info","message":"DB connected","timestamp":"2025-04-09 01:30:20 AM +0300"}
{"level":"info","message":"Express server is running on port 8000","timestamp":"2025-04-09 01:30:38 AM +0300"}
{"level":"info","message":"DB connected","timestamp":"2025-04-09 01:30:40 AM +0300"}
{"level":"info","message":"Costumer signup","timestamp":"2025-04-09 01:31:05 AM +0300"}
{"level":"info","message":"Adding User  :fff is successfully","timestamp":"2025-04-09 01:31:06 AM +0300"}
{"level":"info","message":"Worker signup","timestamp":"2025-04-09 01:32:09 AM +0300"}
{"level":"info","message":"Adding User  :fff is successfully","timestamp":"2025-04-09 01:32:10 AM +0300"}
{"level":"info","message":"Express server is running on port 8000","timestamp":"2025-04-09 01:32:43 AM +0300"}
{"level":"info","message":"DB connected","timestamp":"2025-04-09 01:32:45 AM +0300"}
{"level":"info","message":"Express server is running on port 8000","timestamp":"2025-04-09 01:32:53 AM +0300"}
{"level":"info","message":"Express server is running on port 8000","timestamp":"2025-04-09 01:40:29 AM +0300"}
{"level":"info","message":"DB connected","timestamp":"2025-04-09 01:40:31 AM +0300"}
{"level":"info","message":"Worker signup","timestamp":"2025-04-09 01:40:46 AM +0300"}
{"level":"info","message":"Adding User  :fff is successfully","timestamp":"2025-04-09 01:40:46 AM +0300"}
{"level":"info","message":"Costumer signup","timestamp":"2025-04-09 01:41:29 AM +0300"}
{"level":"info","message":"Express server is running on port 8000","timestamp":"2025-04-09 01:42:44 AM +0300"}
{"level":"info","message":"DB connected","timestamp":"2025-04-09 01:42:47 AM +0300"}
{"level":"info","message":"Costumer signup","timestamp":"2025-04-09 01:43:11 AM +0300"}
{"level":"info","message":"Adding User  :fff is successfully","timestamp":"2025-04-09 01:43:12 AM +0300"}
{"level":"info","message":"Express server is running on port 8000","timestamp":"2025-04-09 01:44:12 AM +0300"}
{"level":"info","message":"DB connected","timestamp":"2025-04-09 01:44:14 AM +0300"}
{"level":"info","message":"Express server is running on port 8000","timestamp":"2025-04-09 01:44:20 AM +0300"}
{"level":"info","message":"DB connected","timestamp":"2025-04-09 01:44:22 AM +0300"}
{"level":"info","message":"Costumer signup","timestamp":"2025-04-09 01:44:37 AM +0300"}
{"level":"info","message":"Adding User  :fff is successfully","timestamp":"2025-04-09 01:44:37 AM +0300"}
{"level":"info","message":"Worker signup","timestamp":"2025-04-09 01:45:10 AM +0300"}
{"level":"info","message":"Adding User  :fff is successfully","timestamp":"2025-04-09 01:45:10 AM +0300"}
{"level":"info","message":"Express server is running on port 8000","timestamp":"2025-04-10 12:59:23 AM +0300"}
{"level":"info","message":"DB connected","timestamp":"2025-04-10 12:59:31 AM +0300"}
{"level":"info","message":"Express server is running on port 8000","timestamp":"2025-04-10 01:09:19 AM +0300"}
{"level":"info","message":"DB connected","timestamp":"2025-04-10 01:09:22 AM +0300"}
{"level":"info","message":"Express server is running on port 8000","timestamp":"2025-04-10 01:20:44 AM +0300"}
{"level":"info","message":"DB connected","timestamp":"2025-04-10 01:20:54 AM +0300"}
{"level":"info","message":"Costumer signup","timestamp":"2025-04-10 01:21:44 AM +0300"}
{"level":"info","message":"Adding User  :fff is successfully","timestamp":"2025-04-10 01:21:45 AM +0300"}
{"level":"info","message":"Express server is running on port 8000","timestamp":"2025-04-10 01:28:42 AM +0300"}
{"level":"info","message":"DB connected","timestamp":"2025-04-10 01:28:47 AM +0300"}
{"level":"info","message":"Costumer signup","timestamp":"2025-04-10 01:29:11 AM +0300"}
{"level":"info","message":"Adding User  :fff is successfully","timestamp":"2025-04-10 01:29:12 AM +0300"}
{"level":"info","message":"Express server is running on port 8000","timestamp":"2025-04-10 01:30:46 AM +0300"}
{"level":"info","message":"DB connected","timestamp":"2025-04-10 01:30:49 AM +0300"}
{"level":"info","message":"Worker signup","timestamp":"2025-04-10 01:31:56 AM +0300"}
{"level":"info","message":"Adding User  :fff is successfully","timestamp":"2025-04-10 01:31:56 AM +0300"}
{"level":"info","message":"Express server is running on port 8000","timestamp":"2025-04-10 03:25:11 AM +0300"}
{"level":"info","message":"DB connected","timestamp":"2025-04-10 03:25:14 AM +0300"}
{"level":"info","message":"Express server is running on port 8000","timestamp":"2025-04-10 03:31:33 AM +0300"}
{"level":"info","message":"DB connected","timestamp":"2025-04-10 03:31:36 AM +0300"}
{"level":"info","message":"Express server is running on port 8000","timestamp":"2025-04-11 12:43:03 AM +0300"}
{"level":"info","message":"DB connected","timestamp":"2025-04-11 12:43:07 AM +0300"}
{"level":"info","message":"Express server is running on port 8000","timestamp":"2025-04-11 12:53:04 AM +0300"}
{"level":"info","message":"DB connected","timestamp":"2025-04-11 12:53:06 AM +0300"}
{"level":"info","message":"Costumer signup","timestamp":"2025-04-11 12:53:59 AM +0300"}
{"level":"info","message":"Express server is running on port 8000","timestamp":"2025-04-11 12:55:40 AM +0300"}
{"level":"info","message":"DB connected","timestamp":"2025-04-11 12:55:43 AM +0300"}
{"level":"info","message":"Express server is running on port 8000","timestamp":"2025-04-11 12:59:40 AM +0300"}
{"level":"info","message":"DB connected","timestamp":"2025-04-11 12:59:45 AM +0300"}
{"level":"info","message":"Costumer signup","timestamp":"2025-04-11 01:00:31 AM +0300"}
{"level":"info","message":"Express server is running on port 8000","timestamp":"2025-04-11 01:02:55 AM +0300"}
{"level":"info","message":"DB connected","timestamp":"2025-04-11 01:02:57 AM +0300"}
{"level":"info","message":"Express server is running on port 8000","timestamp":"2025-04-11 01:06:54 AM +0300"}
{"level":"info","message":"DB connected","timestamp":"2025-04-11 01:06:57 AM +0300"}
{"level":"info","message":"Costumer signup","timestamp":"2025-04-11 01:18:15 AM +0300"}
{"level":"info","message":"Express server is running on port 8000","timestamp":"2025-04-11 01:19:03 AM +0300"}
{"level":"info","message":"DB connected","timestamp":"2025-04-11 01:19:06 AM +0300"}
{"level":"info","message":"Costumer signup","timestamp":"2025-04-11 01:19:22 AM +0300"}
{"level":"info","message":"Express server is running on port 8000","timestamp":"2025-04-11 01:20:24 AM +0300"}
{"level":"info","message":"DB connected","timestamp":"2025-04-11 01:20:27 AM +0300"}
{"level":"info","message":"Express server is running on port 8000","timestamp":"2025-04-11 01:21:14 AM +0300"}
{"level":"info","message":"DB connected","timestamp":"2025-04-11 01:21:16 AM +0300"}
{"level":"info","message":"Express server is running on port 8000","timestamp":"2025-04-11 01:21:19 AM +0300"}
{"level":"info","message":"DB connected","timestamp":"2025-04-11 01:21:23 AM +0300"}
{"level":"info","message":"Express server is running on port 8000","timestamp":"2025-04-11 01:21:25 AM +0300"}
{"level":"info","message":"DB connected","timestamp":"2025-04-11 01:21:27 AM +0300"}
{"level":"info","message":"Costumer signup","timestamp":"2025-04-11 01:21:50 AM +0300"}
{"level":"info","message":"Costumer signup","timestamp":"2025-04-11 01:23:28 AM +0300"}
{"level":"info","message":"Adding User  :fff is successfully","timestamp":"2025-04-11 01:23:29 AM +0300"}
{"level":"info","message":"Express server is running on port 8000","timestamp":"2025-04-11 01:25:56 AM +0300"}
{"level":"info","message":"DB connected","timestamp":"2025-04-11 01:25:59 AM +0300"}
{"level":"info","message":"Costumer signup","timestamp":"2025-04-11 01:30:22 AM +0300"}
{"level":"info","message":"Adding User  :fff is successfully","timestamp":"2025-04-11 01:30:23 AM +0300"}
{"level":"info","message":"Costumer signup","timestamp":"2025-04-11 01:34:01 AM +0300"}
{"level":"info","message":"Adding User  :fff is successfully","timestamp":"2025-04-11 01:34:01 AM +0300"}
{"level":"info","message":"Express server is running on port 8000","timestamp":"2025-04-11 01:38:32 AM +0300"}
{"level":"info","message":"DB connected","timestamp":"2025-04-11 01:38:35 AM +0300"}
{"level":"info","message":"Worker signup","timestamp":"2025-04-11 01:42:37 AM +0300"}
{"level":"info","message":"Adding User  :fff is successfully","timestamp":"2025-04-11 01:42:37 AM +0300"}
{"level":"info","message":"Express server is running on port 8000","timestamp":"2025-04-11 01:54:17 AM +0300"}
{"level":"info","message":"DB connected","timestamp":"2025-04-11 01:54:22 AM +0300"}
{"level":"info","message":"Worker signup","timestamp":"2025-04-11 01:54:42 AM +0300"}
{"level":"info","message":"Adding User  :fff is successfully","timestamp":"2025-04-11 01:54:43 AM +0300"}
{"level":"info","message":"Express server is running on port 8000","timestamp":"2025-04-11 08:38:08 PM +0300"}
{"level":"info","message":"DB connected","timestamp":"2025-04-11 08:38:10 PM +0300"}
{"level":"info","message":"Costumer signup","timestamp":"2025-04-11 08:38:39 PM +0300"}
{"level":"info","message":"Adding User  :fff is successfully","timestamp":"2025-04-11 08:38:40 PM +0300"}
{"level":"info","message":"Express server is running on port 8000","timestamp":"2025-04-11 09:04:31 PM +0300"}
{"level":"info","message":"DB connected","timestamp":"2025-04-11 09:04:33 PM +0300"}
{"level":"info","message":"Costumer signup","timestamp":"2025-04-11 09:04:56 PM +0300"}
{"level":"info","message":"Adding User  :fff is successfully","timestamp":"2025-04-11 09:04:57 PM +0300"}
{"level":"info","message":"Express server is running on port 8000","timestamp":"2025-04-11 09:12:37 PM +0300"}
{"level":"info","message":"DB connected","timestamp":"2025-04-11 09:12:42 PM +0300"}
{"level":"info","message":"Express server is running on port 8000","timestamp":"2025-04-11 09:12:48 PM +0300"}
{"level":"info","message":"Express server is running on port 8000","timestamp":"2025-04-11 09:12:49 PM +0300"}
{"level":"info","message":"DB connected","timestamp":"2025-04-11 09:12:53 PM +0300"}
{"level":"info","message":"Express server is running on port 8000","timestamp":"2025-04-11 09:14:43 PM +0300"}
{"level":"info","message":"Express server is running on port 8000","timestamp":"2025-04-11 09:14:45 PM +0300"}
{"level":"info","message":"Express server is running on port 8000","timestamp":"2025-04-11 09:14:48 PM +0300"}
{"level":"info","message":"DB connected","timestamp":"2025-04-11 09:14:51 PM +0300"}
{"level":"info","message":"Express server is running on port 8000","timestamp":"2025-04-11 09:14:58 PM +0300"}
{"level":"info","message":"DB connected","timestamp":"2025-04-11 09:15:00 PM +0300"}
{"level":"info","message":"Express server is running on port 8000","timestamp":"2025-04-12 12:07:48 AM +0300"}
{"level":"info","message":"DB connected","timestamp":"2025-04-12 12:07:52 AM +0300"}
{"level":"info","message":"Express server is running on port 8000","timestamp":"2025-04-12 12:14:11 AM +0300"}
{"level":"info","message":"DB connected","timestamp":"2025-04-12 12:14:15 AM +0300"}
{"level":"info","message":"Express server is running on port 8000","timestamp":"2025-04-12 12:14:17 AM +0300"}
{"level":"info","message":"DB connected","timestamp":"2025-04-12 12:14:21 AM +0300"}
{"level":"info","message":"Express server is running on port 8000","timestamp":"2025-04-12 12:25:09 AM +0300"}
{"level":"info","message":"DB connected","timestamp":"2025-04-12 12:25:12 AM +0300"}
{"level":"info","message":"Express server is running on port 8000","timestamp":"2025-04-12 01:07:36 AM +0300"}
{"level":"info","message":"DB connected","timestamp":"2025-04-12 01:07:40 AM +0300"}
{"level":"info","message":"Express server is running on port 8000","timestamp":"2025-04-12 01:12:52 AM +0300"}
{"level":"info","message":"DB connected","timestamp":"2025-04-12 01:12:58 AM +0300"}
{"level":"info","message":"Express server is running on port 8000","timestamp":"2025-04-12 01:24:33 AM +0300"}
{"level":"info","message":"DB connected","timestamp":"2025-04-12 01:24:35 AM +0300"}
{"level":"info","message":"Updating a user","timestamp":"2025-04-12 01:25:06 AM +0300"}
{"level":"info","message":"Express server is running on port 8000","timestamp":"2025-04-12 06:44:44 PM +0300"}
{"level":"info","message":"DB connected","timestamp":"2025-04-12 06:44:47 PM +0300"}
{"level":"info","message":"Updating a user","timestamp":"2025-04-12 06:45:19 PM +0300"}
{"level":"info","message":"User details update for user no:67f959c83a7ba75ebd3c78c0 is successfully","timestamp":"2025-04-12 06:45:20 PM +0300"}
{"level":"info","message":"Updating a user","timestamp":"2025-04-12 06:45:36 PM +0300"}
{"level":"info","message":"User details update for user no:67f959c83a7ba75ebd3c78c0 is successfully","timestamp":"2025-04-12 06:45:36 PM +0300"}
{"level":"info","message":"Express server is running on port 8000","timestamp":"2025-04-12 07:00:09 PM +0300"}
{"level":"info","message":"DB connected","timestamp":"2025-04-12 07:00:13 PM +0300"}
{"level":"info","message":"Updating a user","timestamp":"2025-04-12 07:23:05 PM +0300"}
{"level":"info","message":"User details update for user no:67f959c83a7ba75ebd3c78c0 is successfully","timestamp":"2025-04-12 07:23:05 PM +0300"}
{"level":"info","message":"Updating a user","timestamp":"2025-04-12 07:53:27 PM +0300"}
{"level":"info","message":"User details update for user no:67f959c83a7ba75ebd3c78c0 is successfully","timestamp":"2025-04-12 07:53:27 PM +0300"}
{"level":"info","message":"Express server is running on port 8000","timestamp":"2025-04-12 08:53:48 PM +0300"}
{"level":"info","message":"DB connected","timestamp":"2025-04-12 08:53:51 PM +0300"}
{"level":"info","message":"Worker signup","timestamp":"2025-04-12 08:54:57 PM +0300"}
{"level":"info","message":"Adding User  :fff is successfully","timestamp":"2025-04-12 08:54:58 PM +0300"}
{"level":"info","message":"Updating a user","timestamp":"2025-04-12 08:55:32 PM +0300"}
{"level":"info","message":"User details update for user no:67faa8f219a5450da36963f6 is successfully","timestamp":"2025-04-12 08:55:34 PM +0300"}
{"level":"info","message":"Updating a user","timestamp":"2025-04-12 08:55:56 PM +0300"}
{"level":"info","message":"User details update for user no:67faa8f219a5450da36963f6 is successfully","timestamp":"2025-04-12 08:55:57 PM +0300"}
{"level":"info","message":"Updating a user","timestamp":"2025-04-12 08:58:29 PM +0300"}
{"level":"info","message":"User details update for user no:67faa8f219a5450da36963f6 is successfully","timestamp":"2025-04-12 08:58:30 PM +0300"}
{"level":"info","message":"Updating a user","timestamp":"2025-04-12 09:09:38 PM +0300"}
{"level":"info","message":"User details update for user no:67faa8f219a5450da36963f6 is successfully","timestamp":"2025-04-12 09:09:39 PM +0300"}
{"level":"info","message":"Updating a user","timestamp":"2025-04-12 09:09:57 PM +0300"}
{"level":"info","message":"User details update for user no:67faa8f219a5450da36963f6 is successfully","timestamp":"2025-04-12 09:09:57 PM +0300"}
{"level":"info","message":"Updating a user","timestamp":"2025-04-12 09:19:33 PM +0300"}
{"level":"info","message":"User details update for user no:67faa8f219a5450da36963f6 is successfully","timestamp":"2025-04-12 09:19:33 PM +0300"}
{"level":"info","message":"Express server is running on port 8000","timestamp":"2025-04-12 10:10:28 PM +0300"}
{"level":"info","message":"DB connected","timestamp":"2025-04-12 10:10:31 PM +0300"}
{"level":"info","message":"Express server is running on port 8000","timestamp":"2025-04-13 08:38:37 PM +0300"}
{"level":"info","message":"DB connected","timestamp":"2025-04-13 08:38:52 PM +0300"}
{"level":"info","message":"Updating a user","timestamp":"2025-04-13 08:39:47 PM +0300"}
{"level":"info","message":"User details update for user no:67faa8f219a5450da36963f6 is successfully","timestamp":"2025-04-13 08:39:48 PM +0300"}
{"level":"info","message":"Express server is running on port 8000","timestamp":"2025-04-13 08:50:35 PM +0300"}
{"level":"info","message":"DB connected","timestamp":"2025-04-13 08:50:38 PM +0300"}
{"level":"info","message":"Express server is running on port 8000","timestamp":"2025-04-13 08:50:46 PM +0300"}
{"level":"info","message":"Express server is running on port 8000","timestamp":"2025-04-13 08:50:49 PM +0300"}
{"level":"info","message":"DB connected","timestamp":"2025-04-13 08:50:52 PM +0300"}
{"level":"info","message":"Express server is running on port 8000","timestamp":"2025-04-13 08:52:20 PM +0300"}
{"level":"info","message":"DB connected","timestamp":"2025-04-13 08:52:23 PM +0300"}
{"level":"info","message":"Worker signup","timestamp":"2025-04-13 08:53:38 PM +0300"}
{"level":"info","message":"Express server is running on port 8000","timestamp":"2025-04-13 08:53:55 PM +0300"}
{"level":"info","message":"Express server is running on port 8000","timestamp":"2025-04-13 08:53:56 PM +0300"}
{"level":"info","message":"DB connected","timestamp":"2025-04-13 08:54:00 PM +0300"}
{"level":"info","message":"Worker signup","timestamp":"2025-04-13 08:54:15 PM +0300"}
{"level":"info","message":"Express server is running on port 8000","timestamp":"2025-04-13 08:56:02 PM +0300"}
{"level":"info","message":"DB connected","timestamp":"2025-04-13 08:56:13 PM +0300"}
{"level":"info","message":"Express server is running on port 8000","timestamp":"2025-04-13 08:58:27 PM +0300"}
{"level":"info","message":"Express server is running on port 8000","timestamp":"2025-04-13 08:58:29 PM +0300"}
{"level":"info","message":"Express server is running on port 8000","timestamp":"2025-04-13 08:58:33 PM +0300"}
{"level":"info","message":"Express server is running on port 8000","timestamp":"2025-04-13 08:58:35 PM +0300"}
{"level":"info","message":"Express server is running on port 8000","timestamp":"2025-04-13 08:58:38 PM +0300"}
{"level":"info","message":"DB connected","timestamp":"2025-04-13 08:58:40 PM +0300"}
{"level":"info","message":"Express server is running on port 8000","timestamp":"2025-04-13 08:58:45 PM +0300"}
{"level":"info","message":"DB connected","timestamp":"2025-04-13 08:58:50 PM +0300"}
{"level":"info","message":"Worker signup","timestamp":"2025-04-13 08:59:06 PM +0300"}
{"level":"info","message":"Adding User  :fadi is successfully","timestamp":"2025-04-13 08:59:07 PM +0300"}
{"level":"info","message":"Express server is running on port 8000","timestamp":"2025-04-13 09:00:39 PM +0300"}
{"level":"info","message":"DB connected","timestamp":"2025-04-13 09:00:45 PM +0300"}
{"level":"info","message":"Worker signup","timestamp":"2025-04-13 09:01:14 PM +0300"}
{"level":"info","message":"Adding User  :fadi is successfully","timestamp":"2025-04-13 09:01:14 PM +0300"}
{"level":"info","message":"Updating a user","timestamp":"2025-04-13 09:02:08 PM +0300"}
{"level":"info","message":"User details update for user no:67fbfbea866642ef7cf15ace is successfully","timestamp":"2025-04-13 09:02:08 PM +0300"}
{"level":"info","message":"Express server is running on port 8000","timestamp":"2025-04-13 09:03:49 PM +0300"}
{"level":"info","message":"DB connected","timestamp":"2025-04-13 09:03:52 PM +0300"}
{"level":"info","message":"Express server is running on port 8000","timestamp":"2025-04-14 01:42:05 AM +0300"}
{"level":"info","message":"DB connected","timestamp":"2025-04-14 01:42:10 AM +0300"}
{"level":"info","message":"Worker signup","timestamp":"2025-04-14 02:12:14 AM +0300"}
{"level":"info","message":"Adding User  :fff is successfully","timestamp":"2025-04-14 02:12:15 AM +0300"}
{"level":"info","message":"Express server is running on port 8000","timestamp":"2025-04-14 02:16:15 AM +0300"}
{"level":"info","message":"DB connected","timestamp":"2025-04-14 02:16:18 AM +0300"}
{"level":"info","message":"Costumer signup","timestamp":"2025-04-14 02:17:08 AM +0300"}
{"level":"info","message":"Adding User  :fff is successfully","timestamp":"2025-04-14 02:17:09 AM +0300"}
{"level":"info","message":"Express server is running on port 8000","timestamp":"2025-04-14 03:27:49 AM +0300"}
{"level":"info","message":"DB connected","timestamp":"2025-04-14 03:27:53 AM +0300"}
{"level":"info","message":"Costumer signup","timestamp":"2025-04-14 03:34:05 AM +0300"}
{"level":"info","message":"Adding User  :fadi is successfully","timestamp":"2025-04-14 03:34:06 AM +0300"}
{"level":"info","message":"Express server is running on port 8000","timestamp":"2025-04-14 03:38:13 AM +0300"}
{"level":"info","message":"DB connected","timestamp":"2025-04-14 03:38:16 AM +0300"}
{"level":"info","message":"Costumer signup","timestamp":"2025-04-14 03:40:08 AM +0300"}
{"level":"info","message":"Adding User  :fadi is successfully","timestamp":"2025-04-14 03:40:08 AM +0300"}
{"level":"info","message":"Express server is running on port 8000","timestamp":"2025-04-14 06:40:22 PM +0300"}
{"level":"info","message":"DB connected","timestamp":"2025-04-14 06:40:26 PM +0300"}
{"level":"info","message":"Express server is running on port 8000","timestamp":"2025-04-14 06:44:53 PM +0300"}
{"level":"info","message":"DB connected","timestamp":"2025-04-14 06:44:59 PM +0300"}
{"level":"info","message":"Express server is running on port 8000","timestamp":"2025-04-14 06:55:54 PM +0300"}
{"level":"info","message":"DB connected","timestamp":"2025-04-14 06:55:57 PM +0300"}
{"level":"info","message":"Express server is running on port 8000","timestamp":"2025-04-14 07:29:53 PM +0300"}
{"level":"info","message":"DB connected","timestamp":"2025-04-14 07:29:57 PM +0300"}
{"level":"info","message":"Express server is running on port 8000","timestamp":"2025-04-14 07:32:07 PM +0300"}
{"level":"info","message":"DB connected","timestamp":"2025-04-14 07:32:09 PM +0300"}
{"level":"info","message":"Express server is running on port 8000","timestamp":"2025-04-14 07:40:49 PM +0300"}
{"level":"info","message":"Express server is running on port 8000","timestamp":"2025-04-14 07:40:51 PM +0300"}
{"level":"info","message":"Express server is running on port 8000","timestamp":"2025-04-14 07:41:03 PM +0300"}
{"level":"info","message":"DB connected","timestamp":"2025-04-14 07:41:07 PM +0300"}
{"level":"info","message":"Costumer signup","timestamp":"2025-04-14 07:42:28 PM +0300"}
{"level":"info","message":"Adding User  :fdfdfdf is successfully","timestamp":"2025-04-14 07:42:29 PM +0300"}
{"level":"info","message":"Express server is running on port 8000","timestamp":"2025-04-14 08:33:59 PM +0300"}
{"level":"info","message":"DB connected","timestamp":"2025-04-14 08:34:03 PM +0300"}
{"level":"info","message":"Express server is running on port 8000","timestamp":"2025-04-15 02:37:51 AM +0300"}
{"level":"info","message":"DB connected","timestamp":"2025-04-15 02:37:53 AM +0300"}
{"level":"info","message":"Express server is running on port 8000","timestamp":"2025-04-15 02:58:28 AM +0300"}
{"level":"info","message":"DB connected","timestamp":"2025-04-15 02:58:33 AM +0300"}
{"level":"info","message":"Updating a user","timestamp":"2025-04-15 03:00:35 AM +0300"}
{"level":"info","message":"User details update for user no:67fd3af46b6cd17ca1d22e48 is successfully","timestamp":"2025-04-15 03:00:36 AM +0300"}
{"level":"info","message":"Updating a user","timestamp":"2025-04-15 03:33:03 AM +0300"}
{"level":"info","message":"User details update for user no:67fd3af46b6cd17ca1d22e48 is successfully","timestamp":"2025-04-15 03:33:04 AM +0300"}
{"level":"info","message":"Costumer signup","timestamp":"2025-04-15 03:40:16 AM +0300"}
{"level":"info","message":"Adding User  :fadi is successfully","timestamp":"2025-04-15 03:40:17 AM +0300"}
{"level":"info","message":"Costumer signup","timestamp":"2025-04-15 03:41:29 AM +0300"}
{"level":"info","message":"Adding User  :mohamad is successfully","timestamp":"2025-04-15 03:41:29 AM +0300"}
{"level":"info","message":"Costumer signup","timestamp":"2025-04-15 03:42:22 AM +0300"}
{"level":"info","message":"Adding User  :sajed is successfully","timestamp":"2025-04-15 03:42:23 AM +0300"}
{"level":"info","message":"Costumer signup","timestamp":"2025-04-15 03:43:24 AM +0300"}
{"level":"info","message":"Adding User  :basher is successfully","timestamp":"2025-04-15 03:43:25 AM +0300"}
{"level":"info","message":"Express server is running on port 8000","timestamp":"2025-04-16 03:43:50 PM +0300"}
{"level":"info","message":"DB connected","timestamp":"2025-04-16 03:43:54 PM +0300"}
{"level":"info","message":"Updating a user","timestamp":"2025-04-16 03:45:49 PM +0300"}
{"level":"info","message":"User details update for user no:67fdaaf01d1ce780adef028b is successfully","timestamp":"2025-04-16 03:45:50 PM +0300"}
{"level":"info","message":"Updating a user","timestamp":"2025-04-16 03:51:44 PM +0300"}
{"level":"info","message":"User details update for user no:67fdaaf01d1ce780adef028b is successfully","timestamp":"2025-04-16 03:51:45 PM +0300"}
{"level":"info","message":"Updating a user","timestamp":"2025-04-16 04:12:23 PM +0300"}
{"level":"info","message":"User details update for user no:67fdaaf01d1ce780adef028b is successfully","timestamp":"2025-04-16 04:12:24 PM +0300"}
{"level":"info","message":"Updating a user","timestamp":"2025-04-16 04:23:58 PM +0300"}
{"level":"info","message":"User details update for user no:67fdaaf01d1ce780adef028b is successfully","timestamp":"2025-04-16 04:23:58 PM +0300"}
{"level":"info","message":"Updating a user","timestamp":"2025-04-16 04:28:51 PM +0300"}
{"level":"info","message":"User details update for user no:67fdaaf01d1ce780adef028b is successfully","timestamp":"2025-04-16 04:28:51 PM +0300"}
{"level":"info","message":"Updating a user","timestamp":"2025-04-16 04:28:59 PM +0300"}
{"level":"info","message":"User details update for user no:67fdaaf01d1ce780adef028b is successfully","timestamp":"2025-04-16 04:28:59 PM +0300"}
{"level":"info","message":"Express server is running on port 8000","timestamp":"2025-04-19 11:36:50 PM +0300"}
{"level":"info","message":"Express server is running on port 8000","timestamp":"2025-04-19 11:38:00 PM +0300"}
{"level":"info","message":"Express server is running on port 8000","timestamp":"2025-04-19 11:40:37 PM +0300"}
{"level":"info","message":"DB connected","timestamp":"2025-04-19 11:40:40 PM +0300"}
{"level":"info","message":"Express server is running on port 8000","timestamp":"2025-04-19 11:52:53 PM +0300"}
{"level":"info","message":"DB connected","timestamp":"2025-04-19 11:52:56 PM +0300"}
{"level":"info","message":"Express server is running on port 8000","timestamp":"2025-04-19 11:53:15 PM +0300"}
{"level":"info","message":"DB connected","timestamp":"2025-04-19 11:53:18 PM +0300"}
{"level":"info","message":"Express server is running on port 8000","timestamp":"2025-04-19 11:56:16 PM +0300"}
{"level":"info","message":"DB connected","timestamp":"2025-04-19 11:56:20 PM +0300"}
{"level":"info","message":"Express server is running on port 8000","timestamp":"2025-04-19 11:56:29 PM +0300"}
{"level":"info","message":"DB connected","timestamp":"2025-04-19 11:56:32 PM +0300"}
{"level":"info","message":"Express server is running on port 8000","timestamp":"2025-04-19 11:57:12 PM +0300"}
{"level":"info","message":"Express server is running on port 8000","timestamp":"2025-04-19 11:57:15 PM +0300"}
{"level":"info","message":"Express server is running on port 8000","timestamp":"2025-04-19 11:57:22 PM +0300"}
{"level":"info","message":"DB connected","timestamp":"2025-04-19 11:57:25 PM +0300"}
{"level":"info","message":"Express server is running on port 8000","timestamp":"2025-04-19 11:57:37 PM +0300"}
{"level":"info","message":"DB connected","timestamp":"2025-04-19 11:57:40 PM +0300"}
{"level":"info","message":"Express server is running on port 8000","timestamp":"2025-04-19 11:59:36 PM +0300"}
{"level":"info","message":"Express server is running on port 8000","timestamp":"2025-04-19 11:59:41 PM +0300"}
{"level":"info","message":"Express server is running on port 8000","timestamp":"2025-04-19 11:59:45 PM +0300"}
{"level":"info","message":"DB connected","timestamp":"2025-04-19 11:59:48 PM +0300"}
{"level":"info","message":"Express server is running on port 8000","timestamp":"2025-04-20 12:09:46 AM +0300"}
{"level":"info","message":"DB connected","timestamp":"2025-04-20 12:09:49 AM +0300"}
{"level":"info","message":"Express server is running on port 8000","timestamp":"2025-04-20 12:11:48 AM +0300"}
{"level":"info","message":"DB connected","timestamp":"2025-04-20 12:11:51 AM +0300"}
{"level":"info","message":"Express server is running on port 8000","timestamp":"2025-04-20 12:16:44 AM +0300"}
{"level":"info","message":"DB connected","timestamp":"2025-04-20 12:16:47 AM +0300"}
{"level":"info","message":"Express server is running on port 8000","timestamp":"2025-04-20 12:17:33 AM +0300"}
{"level":"info","message":"DB connected","timestamp":"2025-04-20 12:17:35 AM +0300"}
{"level":"info","message":"Express server is running on port 8000","timestamp":"2025-04-20 12:19:25 AM +0300"}
{"level":"info","message":"DB connected","timestamp":"2025-04-20 12:19:28 AM +0300"}
{"level":"info","message":"Express server is running on port 8000","timestamp":"2025-04-20 12:23:24 AM +0300"}
{"level":"info","message":"Express server is running on port 8000","timestamp":"2025-04-20 12:23:28 AM +0300"}
{"level":"info","message":"DB connected","timestamp":"2025-04-20 12:23:31 AM +0300"}
{"level":"info","message":"Express server is running on port 8000","timestamp":"2025-04-20 12:28:30 AM +0300"}
{"level":"info","message":"DB connected","timestamp":"2025-04-20 12:28:34 AM +0300"}
{"level":"info","message":"Express server is running on port 8000","timestamp":"2025-04-20 12:33:28 AM +0300"}
{"level":"info","message":"DB connected","timestamp":"2025-04-20 12:33:31 AM +0300"}
{"level":"info","message":"Express server is running on port 8000","timestamp":"2025-04-20 03:28:16 PM +0300"}
{"level":"info","message":"DB connected","timestamp":"2025-04-20 03:28:19 PM +0300"}
{"level":"info","message":"Express server is running on port 8000","timestamp":"2025-04-20 03:30:49 PM +0300"}
{"level":"info","message":"DB connected","timestamp":"2025-04-20 03:30:51 PM +0300"}
{"level":"info","message":"Express server is running on port 8000","timestamp":"2025-04-20 03:31:49 PM +0300"}
{"level":"info","message":"DB connected","timestamp":"2025-04-20 03:31:52 PM +0300"}
{"level":"info","message":"Express server is running on port 8000","timestamp":"2025-04-20 03:32:06 PM +0300"}
{"level":"info","message":"DB connected","timestamp":"2025-04-20 03:32:09 PM +0300"}
{"level":"info","message":"Express server is running on port 8000","timestamp":"2025-04-20 03:32:36 PM +0300"}
{"level":"info","message":"DB connected","timestamp":"2025-04-20 03:32:39 PM +0300"}
{"level":"info","message":"Get User id:getAllUsers","timestamp":"2025-04-20 03:33:33 PM +0300"}
{"level":"info","message":"Get User id:getAllUsers","timestamp":"2025-04-20 03:34:40 PM +0300"}
{"level":"info","message":"Express server is running on port 8000","timestamp":"2025-04-20 04:16:05 PM +0300"}
{"level":"info","message":"DB connected","timestamp":"2025-04-20 04:16:07 PM +0300"}
{"level":"info","message":"Express server is running on port 8000","timestamp":"2025-04-20 04:22:21 PM +0300"}
{"level":"info","message":"DB connected","timestamp":"2025-04-20 04:22:23 PM +0300"}
{"level":"info","message":"Delete a user","timestamp":"2025-04-20 04:28:03 PM +0300"}
{"level":"info","message":"Deleting user no:67fdaaf01d1ce780adef028b is successfully","timestamp":"2025-04-20 04:28:03 PM +0300"}
{"level":"info","message":"Costumer signup","timestamp":"2025-04-20 04:30:35 PM +0300"}
{"level":"info","message":"Adding User  :fadi is successfully","timestamp":"2025-04-20 04:30:36 PM +0300"}
{"level":"info","message":"Express server is running on port 8000","timestamp":"2025-04-23 05:12:37 PM +0300"}
{"level":"info","message":"Express server is running on port 8000","timestamp":"2025-04-23 06:15:08 PM +0300"}
{"level":"info","message":"DB connected","timestamp":"2025-04-23 06:15:10 PM +0300"}
{"level":"info","message":"Express server is running on port 8000","timestamp":"2025-04-23 06:30:36 PM +0300"}
{"level":"info","message":"Express server is running on port 8000","timestamp":"2025-04-23 06:38:40 PM +0300"}
{"level":"info","message":"Express server is running on port 8000","timestamp":"2025-04-23 06:41:02 PM +0300"}
{"level":"info","message":"DB connected","timestamp":"2025-04-23 06:41:06 PM +0300"}
{"level":"info","message":"Express server is running on port 8000","timestamp":"2025-04-23 08:48:17 PM +0300"}
{"level":"info","message":"DB connected","timestamp":"2025-04-23 08:48:20 PM +0300"}
{"level":"info","message":"Express server is running on port 8000","timestamp":"2025-04-24 01:01:37 AM +0300"}
{"level":"info","message":"DB connected","timestamp":"2025-04-24 01:01:41 AM +0300"}
{"level":"info","message":"Express server is running on port 8000","timestamp":"2025-04-24 01:58:46 AM +0300"}
{"level":"info","message":"DB connected","timestamp":"2025-04-24 01:58:49 AM +0300"}
{"level":"info","message":"Costumer signup","timestamp":"2025-04-24 02:28:41 AM +0300"}
{"level":"info","message":"Adding User  :basher is successfully","timestamp":"2025-04-24 02:28:42 AM +0300"}
{"level":"info","message":"Express server is running on port 8000","timestamp":"2025-04-24 04:50:21 PM +0300"}
{"level":"info","message":"DB connected","timestamp":"2025-04-24 04:50:23 PM +0300"}
{"level":"info","message":"Get User id:6804f6fbd73f6caac6b136aa","timestamp":"2025-04-24 04:58:15 PM +0300"}
{"level":"info","message":"Get User id:6804f6fbd73f6caac6b136aa","timestamp":"2025-04-24 04:58:16 PM +0300"}
{"level":"info","message":"Get User id:6804f6fbd73f6caac6b136aa","timestamp":"2025-04-24 04:58:42 PM +0300"}
{"level":"info","message":"Get User id:6804f6fbd73f6caac6b136aa","timestamp":"2025-04-24 04:58:42 PM +0300"}
{"level":"info","message":"Express server is running on port 8000","timestamp":"2025-04-24 05:02:10 PM +0300"}
{"level":"info","message":"DB connected","timestamp":"2025-04-24 05:02:14 PM +0300"}
{"level":"info","message":"Express server is running on port 8000","timestamp":"2025-04-24 05:02:17 PM +0300"}
{"level":"info","message":"DB connected","timestamp":"2025-04-24 05:02:22 PM +0300"}
{"level":"info","message":"Express server is running on port 8000","timestamp":"2025-04-24 05:02:26 PM +0300"}
{"level":"info","message":"DB connected","timestamp":"2025-04-24 05:02:35 PM +0300"}
{"level":"info","message":"Get User id:6804f6fbd73f6caac6b136aa","timestamp":"2025-04-24 05:02:46 PM +0300"}
{"level":"info","message":"Get User id:6804f6fbd73f6caac6b136aa","timestamp":"2025-04-24 05:02:47 PM +0300"}
{"level":"info","message":"Get User id:6804f6fbd73f6caac6b136aa","timestamp":"2025-04-24 05:03:37 PM +0300"}
{"level":"info","message":"Get User id:6804f6fbd73f6caac6b136aa","timestamp":"2025-04-24 05:03:37 PM +0300"}
{"level":"info","message":"Get User id:6804f6fbd73f6caac6b136aa","timestamp":"2025-04-24 05:35:35 PM +0300"}
{"level":"info","message":"Get User id:6804f6fbd73f6caac6b136aa","timestamp":"2025-04-24 05:35:35 PM +0300"}
{"level":"info","message":"Get User id:6804f6fbd73f6caac6b136aa","timestamp":"2025-04-24 05:35:36 PM +0300"}
{"level":"info","message":"Get User id:6804f6fbd73f6caac6b136aa","timestamp":"2025-04-24 05:35:58 PM +0300"}
{"level":"info","message":"Get User id:6804f6fbd73f6caac6b136aa","timestamp":"2025-04-24 05:35:58 PM +0300"}
{"level":"info","message":"Get User id:6804f6fbd73f6caac6b136aa","timestamp":"2025-04-24 05:37:03 PM +0300"}
{"level":"info","message":"Get User id:6804f6fbd73f6caac6b136aa","timestamp":"2025-04-24 05:37:08 PM +0300"}
{"level":"info","message":"Get User id:6804f6fbd73f6caac6b136aa","timestamp":"2025-04-24 05:37:08 PM +0300"}
{"level":"info","message":"Get User id:6804f6fbd73f6caac6b136aa","timestamp":"2025-04-24 05:39:27 PM +0300"}
{"level":"info","message":"Get User id:6804f6fbd73f6caac6b136aa","timestamp":"2025-04-24 05:39:34 PM +0300"}
{"level":"info","message":"Get User id:6804f6fbd73f6caac6b136aa","timestamp":"2025-04-24 05:39:41 PM +0300"}
{"level":"info","message":"Get User id:6804f6fbd73f6caac6b136aa","timestamp":"2025-04-24 05:39:41 PM +0300"}
{"level":"info","message":"Get User id:6804f6fbd73f6caac6b136aa","timestamp":"2025-04-24 05:40:03 PM +0300"}
{"level":"info","message":"Get User id:6804f6fbd73f6caac6b136aa","timestamp":"2025-04-24 05:40:07 PM +0300"}
{"level":"info","message":"Get User id:6804f6fbd73f6caac6b136aa","timestamp":"2025-04-24 05:40:11 PM +0300"}
{"level":"info","message":"Get User id:6804f6fbd73f6caac6b136aa","timestamp":"2025-04-24 05:40:16 PM +0300"}
{"level":"info","message":"Get User id:6804f6fbd73f6caac6b136aa","timestamp":"2025-04-24 05:40:18 PM +0300"}
{"level":"info","message":"Get User id:6804f6fbd73f6caac6b136aa","timestamp":"2025-04-24 05:40:20 PM +0300"}
{"level":"info","message":"Get User id:6804f6fbd73f6caac6b136aa","timestamp":"2025-04-24 05:40:22 PM +0300"}
{"level":"info","message":"Get User id:6804f6fbd73f6caac6b136aa","timestamp":"2025-04-24 05:40:24 PM +0300"}
{"level":"info","message":"Get User id:6804f6fbd73f6caac6b136aa","timestamp":"2025-04-24 05:40:26 PM +0300"}
{"level":"info","message":"Get User id:6804f6fbd73f6caac6b136aa","timestamp":"2025-04-24 05:40:28 PM +0300"}
{"level":"info","message":"Get User id:6804f6fbd73f6caac6b136aa","timestamp":"2025-04-24 05:40:30 PM +0300"}
{"level":"info","message":"Get User id:6804f6fbd73f6caac6b136aa","timestamp":"2025-04-24 05:40:33 PM +0300"}
{"level":"info","message":"Get User id:6804f6fbd73f6caac6b136aa","timestamp":"2025-04-24 05:41:05 PM +0300"}
{"level":"info","message":"Get User id:6804f6fbd73f6caac6b136aa","timestamp":"2025-04-24 05:41:09 PM +0300"}
{"level":"info","message":"Get User id:6804f6fbd73f6caac6b136aa","timestamp":"2025-04-24 05:41:09 PM +0300"}
{"level":"info","message":"Get User id:6804f6fbd73f6caac6b136aa","timestamp":"2025-04-24 05:41:16 PM +0300"}
{"level":"info","message":"Get User id:6804f6fbd73f6caac6b136aa","timestamp":"2025-04-24 05:41:20 PM +0300"}
{"level":"info","message":"Get User id:6804f6fbd73f6caac6b136aa","timestamp":"2025-04-24 05:41:23 PM +0300"}
{"level":"info","message":"Get User id:6804f6fbd73f6caac6b136aa","timestamp":"2025-04-24 05:41:29 PM +0300"}
{"level":"info","message":"Get User id:6804f6fbd73f6caac6b136aa","timestamp":"2025-04-24 05:41:32 PM +0300"}
{"level":"info","message":"Get User id:6804f6fbd73f6caac6b136aa","timestamp":"2025-04-24 05:41:32 PM +0300"}
{"level":"info","message":"Get User id:6804f6fbd73f6caac6b136aa","timestamp":"2025-04-24 05:42:01 PM +0300"}
{"level":"info","message":"Get User id:6804f6fbd73f6caac6b136aa","timestamp":"2025-04-24 05:42:06 PM +0300"}
{"level":"info","message":"Get User id:6804f6fbd73f6caac6b136aa","timestamp":"2025-04-24 05:42:10 PM +0300"}
{"level":"info","message":"Get User id:6804f6fbd73f6caac6b136aa","timestamp":"2025-04-24 05:42:11 PM +0300"}
{"level":"info","message":"Get User id:6804f6fbd73f6caac6b136aa","timestamp":"2025-04-24 05:42:13 PM +0300"}
{"level":"info","message":"Get User id:6804f6fbd73f6caac6b136aa","timestamp":"2025-04-24 05:42:15 PM +0300"}
{"level":"info","message":"Get User id:6804f6fbd73f6caac6b136aa","timestamp":"2025-04-24 05:42:16 PM +0300"}
{"level":"info","message":"Get User id:6804f6fbd73f6caac6b136aa","timestamp":"2025-04-24 05:43:02 PM +0300"}
{"level":"info","message":"Get User id:6804f6fbd73f6caac6b136aa","timestamp":"2025-04-24 05:43:07 PM +0300"}
{"level":"info","message":"Get User id:6804f6fbd73f6caac6b136aa","timestamp":"2025-04-24 05:43:17 PM +0300"}
{"level":"info","message":"Get User id:6804f6fbd73f6caac6b136aa","timestamp":"2025-04-24 05:43:24 PM +0300"}
{"level":"info","message":"Get User id:6804f6fbd73f6caac6b136aa","timestamp":"2025-04-24 05:44:17 PM +0300"}
{"level":"info","message":"Get User id:6804f6fbd73f6caac6b136aa","timestamp":"2025-04-24 05:44:22 PM +0300"}
{"level":"info","message":"Get User id:6804f6fbd73f6caac6b136aa","timestamp":"2025-04-24 05:44:28 PM +0300"}
{"level":"info","message":"Get User id:6804f6fbd73f6caac6b136aa","timestamp":"2025-04-24 05:44:36 PM +0300"}
{"level":"info","message":"Get User id:6804f6fbd73f6caac6b136aa","timestamp":"2025-04-24 05:44:44 PM +0300"}
{"level":"info","message":"Get User id:6804f6fbd73f6caac6b136aa","timestamp":"2025-04-24 05:44:54 PM +0300"}
{"level":"info","message":"Get User id:6804f6fbd73f6caac6b136aa","timestamp":"2025-04-24 05:44:57 PM +0300"}
{"level":"info","message":"Get User id:6804f6fbd73f6caac6b136aa","timestamp":"2025-04-24 05:45:01 PM +0300"}
{"level":"info","message":"Get User id:6804f6fbd73f6caac6b136aa","timestamp":"2025-04-24 05:45:19 PM +0300"}
{"level":"info","message":"Get User id:6804f6fbd73f6caac6b136aa","timestamp":"2025-04-24 05:45:20 PM +0300"}
{"level":"info","message":"Get User id:6804f6fbd73f6caac6b136aa","timestamp":"2025-04-24 05:45:22 PM +0300"}
{"level":"info","message":"Get User id:6804f6fbd73f6caac6b136aa","timestamp":"2025-04-24 05:45:23 PM +0300"}
{"level":"info","message":"Get User id:6804f6fbd73f6caac6b136aa","timestamp":"2025-04-24 05:45:43 PM +0300"}
{"level":"info","message":"Get User id:6804f6fbd73f6caac6b136aa","timestamp":"2025-04-24 05:45:48 PM +0300"}
{"level":"info","message":"Get User id:6804f6fbd73f6caac6b136aa","timestamp":"2025-04-24 05:45:54 PM +0300"}
{"level":"info","message":"Get User id:6804f6fbd73f6caac6b136aa","timestamp":"2025-04-24 05:45:56 PM +0300"}
{"level":"info","message":"Get User id:6804f6fbd73f6caac6b136aa","timestamp":"2025-04-24 05:45:57 PM +0300"}
{"level":"info","message":"Get User id:6804f6fbd73f6caac6b136aa","timestamp":"2025-04-24 05:46:37 PM +0300"}
{"level":"info","message":"Get User id:6804f6fbd73f6caac6b136aa","timestamp":"2025-04-24 05:47:31 PM +0300"}
{"level":"info","message":"Get User id:6804f6fbd73f6caac6b136aa","timestamp":"2025-04-24 05:47:35 PM +0300"}
{"level":"info","message":"Get User id:6804f6fbd73f6caac6b136aa","timestamp":"2025-04-24 05:47:46 PM +0300"}
{"level":"info","message":"Get User id:6804f6fbd73f6caac6b136aa","timestamp":"2025-04-24 05:47:48 PM +0300"}
{"level":"info","message":"Get User id:6804f6fbd73f6caac6b136aa","timestamp":"2025-04-24 05:48:00 PM +0300"}
{"level":"info","message":"Get User id:6804f6fbd73f6caac6b136aa","timestamp":"2025-04-24 05:48:02 PM +0300"}
{"level":"info","message":"Get User id:6804f6fbd73f6caac6b136aa","timestamp":"2025-04-24 05:48:05 PM +0300"}
{"level":"info","message":"Get User id:6804f6fbd73f6caac6b136aa","timestamp":"2025-04-24 05:48:12 PM +0300"}
{"level":"info","message":"Get User id:6804f6fbd73f6caac6b136aa","timestamp":"2025-04-24 05:48:27 PM +0300"}
{"level":"info","message":"Get User id:6804f6fbd73f6caac6b136aa","timestamp":"2025-04-24 05:48:28 PM +0300"}
{"level":"info","message":"Get User id:6804f6fbd73f6caac6b136aa","timestamp":"2025-04-24 05:48:31 PM +0300"}
{"level":"info","message":"Get User id:6804f6fbd73f6caac6b136aa","timestamp":"2025-04-24 05:48:33 PM +0300"}
{"level":"info","message":"Get User id:6804f6fbd73f6caac6b136aa","timestamp":"2025-04-24 05:48:54 PM +0300"}
{"level":"info","message":"Get User id:6804f6fbd73f6caac6b136aa","timestamp":"2025-04-24 05:49:04 PM +0300"}
{"level":"info","message":"Get User id:6804f6fbd73f6caac6b136aa","timestamp":"2025-04-24 05:49:11 PM +0300"}
{"level":"info","message":"Get User id:6804f6fbd73f6caac6b136aa","timestamp":"2025-04-24 05:49:17 PM +0300"}
{"level":"info","message":"Get User id:6804f6fbd73f6caac6b136aa","timestamp":"2025-04-24 05:49:32 PM +0300"}
{"level":"info","message":"Get User id:6804f6fbd73f6caac6b136aa","timestamp":"2025-04-24 05:49:40 PM +0300"}
{"level":"info","message":"Get User id:6804f6fbd73f6caac6b136aa","timestamp":"2025-04-24 05:49:41 PM +0300"}
{"level":"info","message":"Get User id:6804f6fbd73f6caac6b136aa","timestamp":"2025-04-24 05:49:50 PM +0300"}
{"level":"info","message":"Get User id:6804f6fbd73f6caac6b136aa","timestamp":"2025-04-24 05:50:13 PM +0300"}
{"level":"info","message":"Get User id:6804f6fbd73f6caac6b136aa","timestamp":"2025-04-24 05:51:16 PM +0300"}
{"level":"info","message":"Get User id:6804f6fbd73f6caac6b136aa","timestamp":"2025-04-24 05:51:17 PM +0300"}
{"level":"info","message":"Get User id:6804f6fbd73f6caac6b136aa","timestamp":"2025-04-24 05:51:21 PM +0300"}
{"level":"info","message":"Get User id:6804f6fbd73f6caac6b136aa","timestamp":"2025-04-24 05:51:25 PM +0300"}
{"level":"info","message":"Get User id:6804f6fbd73f6caac6b136aa","timestamp":"2025-04-24 05:51:31 PM +0300"}
{"level":"info","message":"Get User id:6804f6fbd73f6caac6b136aa","timestamp":"2025-04-24 05:52:34 PM +0300"}
{"level":"info","message":"Get User id:6804f6fbd73f6caac6b136aa","timestamp":"2025-04-24 05:52:35 PM +0300"}
{"level":"info","message":"Get User id:6804f6fbd73f6caac6b136aa","timestamp":"2025-04-24 05:53:20 PM +0300"}
{"level":"info","message":"Get User id:6804f6fbd73f6caac6b136aa","timestamp":"2025-04-24 05:53:32 PM +0300"}
{"level":"info","message":"Get User id:6804f6fbd73f6caac6b136aa","timestamp":"2025-04-24 05:53:46 PM +0300"}
{"level":"info","message":"Get User id:6804f6fbd73f6caac6b136aa","timestamp":"2025-04-24 05:54:46 PM +0300"}
{"level":"info","message":"Express server is running on port 8000","timestamp":"2025-04-24 05:59:27 PM +0300"}
{"level":"info","message":"DB connected","timestamp":"2025-04-24 05:59:32 PM +0300"}
{"level":"info","message":"Get User id:6804f6fbd73f6caac6b136aa","timestamp":"2025-04-24 06:02:33 PM +0300"}
{"level":"info","message":"Get User id:6804f6fbd73f6caac6b136aa","timestamp":"2025-04-24 06:02:33 PM +0300"}
{"level":"info","message":"Get User id:6804f6fbd73f6caac6b136aa","timestamp":"2025-04-24 06:05:49 PM +0300"}
{"level":"info","message":"Get User id:6804f6fbd73f6caac6b136aa","timestamp":"2025-04-24 06:06:01 PM +0300"}
{"level":"info","message":"Get User id:6804f6fbd73f6caac6b136aa","timestamp":"2025-04-24 06:08:33 PM +0300"}
{"level":"info","message":"Get User id:6804f6fbd73f6caac6b136aa","timestamp":"2025-04-24 06:08:33 PM +0300"}
{"level":"info","message":"Get User id:6804f6fbd73f6caac6b136aa","timestamp":"2025-04-24 06:08:41 PM +0300"}
{"level":"info","message":"Get User id:6804f6fbd73f6caac6b136aa","timestamp":"2025-04-24 06:08:41 PM +0300"}
{"level":"info","message":"Get User id:6804f6fbd73f6caac6b136aa","timestamp":"2025-04-24 06:08:43 PM +0300"}
{"level":"info","message":"Get User id:6804f6fbd73f6caac6b136aa","timestamp":"2025-04-24 06:08:43 PM +0300"}
{"level":"info","message":"Get User id:6804f6fbd73f6caac6b136aa","timestamp":"2025-04-24 06:08:45 PM +0300"}
{"level":"info","message":"Get User id:6804f6fbd73f6caac6b136aa","timestamp":"2025-04-24 06:08:45 PM +0300"}
{"level":"info","message":"Get User id:6804f6fbd73f6caac6b136aa","timestamp":"2025-04-24 06:08:49 PM +0300"}
{"level":"info","message":"Get User id:6804f6fbd73f6caac6b136aa","timestamp":"2025-04-24 06:08:49 PM +0300"}
{"level":"info","message":"Get User id:6804f6fbd73f6caac6b136aa","timestamp":"2025-04-24 06:08:56 PM +0300"}
{"level":"info","message":"Get User id:6804f6fbd73f6caac6b136aa","timestamp":"2025-04-24 06:08:56 PM +0300"}
{"level":"info","message":"Get User id:6804f6fbd73f6caac6b136aa","timestamp":"2025-04-24 06:09:07 PM +0300"}
{"level":"info","message":"Get User id:6804f6fbd73f6caac6b136aa","timestamp":"2025-04-24 06:09:07 PM +0300"}
{"level":"info","message":"Get User id:6804f6fbd73f6caac6b136aa","timestamp":"2025-04-24 06:09:32 PM +0300"}
{"level":"info","message":"Get User id:6804f6fbd73f6caac6b136aa","timestamp":"2025-04-24 06:10:18 PM +0300"}
{"level":"info","message":"Get User id:6804f6fbd73f6caac6b136aa","timestamp":"2025-04-24 06:10:22 PM +0300"}
{"level":"info","message":"Get User id:6804f6fbd73f6caac6b136aa","timestamp":"2025-04-24 06:11:10 PM +0300"}
{"level":"info","message":"Get User id:6804f6fbd73f6caac6b136aa","timestamp":"2025-04-24 06:12:32 PM +0300"}
{"level":"info","message":"Get User id:6804f6fbd73f6caac6b136aa","timestamp":"2025-04-24 06:12:39 PM +0300"}
{"level":"info","message":"Get User id:6804f6fbd73f6caac6b136aa","timestamp":"2025-04-24 06:15:38 PM +0300"}
{"level":"info","message":"Get User id:6804f6fbd73f6caac6b136aa","timestamp":"2025-04-24 06:15:44 PM +0300"}
{"level":"info","message":"Get User id:6804f6fbd73f6caac6b136aa","timestamp":"2025-04-24 06:15:47 PM +0300"}
{"level":"info","message":"Get User id:6804f6fbd73f6caac6b136aa","timestamp":"2025-04-24 06:15:48 PM +0300"}
{"level":"info","message":"Get User id:6804f6fbd73f6caac6b136aa","timestamp":"2025-04-24 06:15:53 PM +0300"}
{"level":"info","message":"Get User id:6804f6fbd73f6caac6b136aa","timestamp":"2025-04-24 06:16:03 PM +0300"}
{"level":"info","message":"Get User id:6804f6fbd73f6caac6b136aa","timestamp":"2025-04-24 06:16:11 PM +0300"}
{"level":"info","message":"Get User id:6804f6fbd73f6caac6b136aa","timestamp":"2025-04-24 06:16:20 PM +0300"}
{"level":"info","message":"Get User id:6804f6fbd73f6caac6b136aa","timestamp":"2025-04-24 06:16:20 PM +0300"}
{"level":"info","message":"Get User id:6804f6fbd73f6caac6b136aa","timestamp":"2025-04-24 06:17:55 PM +0300"}
{"level":"info","message":"Get User id:6804f6fbd73f6caac6b136aa","timestamp":"2025-04-24 06:17:58 PM +0300"}
{"level":"info","message":"Get User id:6804f6fbd73f6caac6b136aa","timestamp":"2025-04-24 06:18:03 PM +0300"}
{"level":"info","message":"Get User id:6804f6fbd73f6caac6b136aa","timestamp":"2025-04-24 06:18:08 PM +0300"}
{"level":"info","message":"Get User id:6804f6fbd73f6caac6b136aa","timestamp":"2025-04-24 06:18:09 PM +0300"}
{"level":"info","message":"Express server is running on port 8000","timestamp":"2025-04-24 06:22:52 PM +0300"}
{"level":"info","message":"DB connected","timestamp":"2025-04-24 06:22:57 PM +0300"}
{"level":"info","message":"Get User id:6804f6fbd73f6caac6b136aa","timestamp":"2025-04-24 06:23:20 PM +0300"}
{"level":"info","message":"Get User id:6804f6fbd73f6caac6b136aa","timestamp":"2025-04-24 06:23:20 PM +0300"}
{"level":"info","message":"Get User id:6804f6fbd73f6caac6b136aa","timestamp":"2025-04-24 06:24:26 PM +0300"}
{"level":"info","message":"Get User id:6804f6fbd73f6caac6b136aa","timestamp":"2025-04-24 06:24:27 PM +0300"}
{"level":"info","message":"Get User id:6804f6fbd73f6caac6b136aa","timestamp":"2025-04-24 06:24:32 PM +0300"}
{"level":"info","message":"Get User id:6804f6fbd73f6caac6b136aa","timestamp":"2025-04-24 06:24:33 PM +0300"}
{"level":"info","message":"Get User id:6804f6fbd73f6caac6b136aa","timestamp":"2025-04-24 06:25:08 PM +0300"}
{"level":"info","message":"Get User id:6804f6fbd73f6caac6b136aa","timestamp":"2025-04-24 06:27:12 PM +0300"}
{"level":"info","message":"Get User id:6804f6fbd73f6caac6b136aa","timestamp":"2025-04-24 06:27:12 PM +0300"}
{"level":"info","message":"Get User id:6804f6fbd73f6caac6b136aa","timestamp":"2025-04-24 06:27:15 PM +0300"}
{"level":"info","message":"Get User id:6804f6fbd73f6caac6b136aa","timestamp":"2025-04-24 06:27:15 PM +0300"}
{"level":"info","message":"Get User id:6804f6fbd73f6caac6b136aa","timestamp":"2025-04-24 06:27:21 PM +0300"}
{"level":"info","message":"Get User id:6804f6fbd73f6caac6b136aa","timestamp":"2025-04-24 06:27:21 PM +0300"}
{"level":"info","message":"Get User id:6804f6fbd73f6caac6b136aa","timestamp":"2025-04-24 06:28:06 PM +0300"}
{"level":"info","message":"Get User id:6804f6fbd73f6caac6b136aa","timestamp":"2025-04-24 06:28:06 PM +0300"}
{"level":"info","message":"Get User id:6804f6fbd73f6caac6b136aa","timestamp":"2025-04-24 06:28:40 PM +0300"}
{"level":"info","message":"Get User id:6804f6fbd73f6caac6b136aa","timestamp":"2025-04-24 06:28:41 PM +0300"}
{"level":"info","message":"Get User id:6804f6fbd73f6caac6b136aa","timestamp":"2025-04-24 06:29:39 PM +0300"}
{"level":"info","message":"Get User id:6804f6fbd73f6caac6b136aa","timestamp":"2025-04-24 06:29:39 PM +0300"}
{"level":"info","message":"Get User id:6804f6fbd73f6caac6b136aa","timestamp":"2025-04-24 06:49:15 PM +0300"}
{"level":"info","message":"Get User id:6804f6fbd73f6caac6b136aa","timestamp":"2025-04-24 06:49:15 PM +0300"}
{"level":"info","message":"Get User id:6804f6fbd73f6caac6b136aa","timestamp":"2025-04-24 06:52:50 PM +0300"}
{"level":"info","message":"Get User id:6804f6fbd73f6caac6b136aa","timestamp":"2025-04-24 06:53:03 PM +0300"}
{"level":"info","message":"Get User id:6804f6fbd73f6caac6b136aa","timestamp":"2025-04-24 06:53:07 PM +0300"}
{"level":"info","message":"Get User id:6804f6fbd73f6caac6b136aa","timestamp":"2025-04-24 06:53:10 PM +0300"}
{"level":"info","message":"Get User id:6804f6fbd73f6caac6b136aa","timestamp":"2025-04-24 06:54:14 PM +0300"}
{"level":"info","message":"Get User id:6804f6fbd73f6caac6b136aa","timestamp":"2025-04-24 06:54:43 PM +0300"}
{"level":"info","message":"Get User id:6804f6fbd73f6caac6b136aa","timestamp":"2025-04-24 06:54:46 PM +0300"}
{"level":"info","message":"Get User id:6804f6fbd73f6caac6b136aa","timestamp":"2025-04-24 06:54:49 PM +0300"}
{"level":"info","message":"Get User id:6804f6fbd73f6caac6b136aa","timestamp":"2025-04-24 06:54:58 PM +0300"}
{"level":"info","message":"Get User id:6804f6fbd73f6caac6b136aa","timestamp":"2025-04-24 06:55:15 PM +0300"}
{"level":"info","message":"Get User id:6804f6fbd73f6caac6b136aa","timestamp":"2025-04-24 06:55:29 PM +0300"}
{"level":"info","message":"Get User id:6804f6fbd73f6caac6b136aa","timestamp":"2025-04-24 06:55:29 PM +0300"}
{"level":"info","message":"Get User id:6804f6fbd73f6caac6b136aa","timestamp":"2025-04-24 06:59:35 PM +0300"}
{"level":"info","message":"Get User id:6804f6fbd73f6caac6b136aa","timestamp":"2025-04-24 07:00:13 PM +0300"}
{"level":"info","message":"Get User id:6804f6fbd73f6caac6b136aa","timestamp":"2025-04-24 07:00:13 PM +0300"}
{"level":"info","message":"Get User id:6804f6fbd73f6caac6b136aa","timestamp":"2025-04-24 07:00:18 PM +0300"}
{"level":"info","message":"Get User id:6804f6fbd73f6caac6b136aa","timestamp":"2025-04-24 07:00:18 PM +0300"}
{"level":"info","message":"Get User id:6804f6fbd73f6caac6b136aa","timestamp":"2025-04-24 07:00:27 PM +0300"}
{"level":"info","message":"Get User id:6804f6fbd73f6caac6b136aa","timestamp":"2025-04-24 07:00:27 PM +0300"}
{"level":"info","message":"Get User id:6804f6fbd73f6caac6b136aa","timestamp":"2025-04-24 07:01:48 PM +0300"}
{"level":"info","message":"Get User id:6804f6fbd73f6caac6b136aa","timestamp":"2025-04-24 07:01:48 PM +0300"}
{"level":"info","message":"Get User id:6804f6fbd73f6caac6b136aa","timestamp":"2025-04-24 07:02:22 PM +0300"}
{"level":"info","message":"Get User id:6804f6fbd73f6caac6b136aa","timestamp":"2025-04-24 07:02:26 PM +0300"}
{"level":"info","message":"Get User id:6804f6fbd73f6caac6b136aa","timestamp":"2025-04-24 07:02:26 PM +0300"}
{"level":"info","message":"Get User id:6804f6fbd73f6caac6b136aa","timestamp":"2025-04-24 07:07:36 PM +0300"}
{"level":"info","message":"Get User id:6804f6fbd73f6caac6b136aa","timestamp":"2025-04-24 07:08:21 PM +0300"}
{"level":"info","message":"Get User id:6804f6fbd73f6caac6b136aa","timestamp":"2025-04-24 07:08:26 PM +0300"}
{"level":"info","message":"Get User id:6804f6fbd73f6caac6b136aa","timestamp":"2025-04-24 07:08:29 PM +0300"}
{"level":"info","message":"Get User id:6804f6fbd73f6caac6b136aa","timestamp":"2025-04-24 07:10:18 PM +0300"}
{"level":"info","message":"Get User id:6804f6fbd73f6caac6b136aa","timestamp":"2025-04-24 07:10:19 PM +0300"}
{"level":"info","message":"Get User id:6804f6fbd73f6caac6b136aa","timestamp":"2025-04-24 07:12:54 PM +0300"}
{"level":"info","message":"Get User id:6804f6fbd73f6caac6b136aa","timestamp":"2025-04-24 07:12:57 PM +0300"}
{"level":"info","message":"Get User id:6804f6fbd73f6caac6b136aa","timestamp":"2025-04-24 07:13:01 PM +0300"}
{"level":"info","message":"Get User id:6804f6fbd73f6caac6b136aa","timestamp":"2025-04-24 07:13:08 PM +0300"}
{"level":"info","message":"Get User id:6804f6fbd73f6caac6b136aa","timestamp":"2025-04-24 07:13:13 PM +0300"}
{"level":"info","message":"Get User id:6804f6fbd73f6caac6b136aa","timestamp":"2025-04-24 07:13:14 PM +0300"}
{"level":"info","message":"Get User id:6804f6fbd73f6caac6b136aa","timestamp":"2025-04-24 07:17:13 PM +0300"}
{"level":"info","message":"Get User id:6804f6fbd73f6caac6b136aa","timestamp":"2025-04-24 07:17:34 PM +0300"}
{"level":"info","message":"Get User id:6804f6fbd73f6caac6b136aa","timestamp":"2025-04-24 07:17:34 PM +0300"}
{"level":"info","message":"Get User id:6804f6fbd73f6caac6b136aa","timestamp":"2025-04-24 07:17:45 PM +0300"}
{"level":"info","message":"Get User id:6804f6fbd73f6caac6b136aa","timestamp":"2025-04-24 07:18:09 PM +0300"}
{"level":"info","message":"Get User id:6804f6fbd73f6caac6b136aa","timestamp":"2025-04-24 07:18:11 PM +0300"}
{"level":"info","message":"Get User id:6804f6fbd73f6caac6b136aa","timestamp":"2025-04-24 07:38:56 PM +0300"}
{"level":"info","message":"Get User id:6804f6fbd73f6caac6b136aa","timestamp":"2025-04-24 07:38:57 PM +0300"}
{"level":"info","message":"Get User id:6804f6fbd73f6caac6b136aa","timestamp":"2025-04-24 07:39:20 PM +0300"}
{"level":"info","message":"Get User id:6804f6fbd73f6caac6b136aa","timestamp":"2025-04-24 07:40:42 PM +0300"}
{"level":"info","message":"Get User id:6804f6fbd73f6caac6b136aa","timestamp":"2025-04-24 07:45:05 PM +0300"}
{"level":"info","message":"Get User id:6804f6fbd73f6caac6b136aa","timestamp":"2025-04-24 07:45:08 PM +0300"}
{"level":"info","message":"Get User id:6804f6fbd73f6caac6b136aa","timestamp":"2025-04-24 07:45:11 PM +0300"}
{"level":"info","message":"Get User id:6804f6fbd73f6caac6b136aa","timestamp":"2025-04-24 07:45:14 PM +0300"}
{"level":"info","message":"Get User id:6804f6fbd73f6caac6b136aa","timestamp":"2025-04-24 07:45:24 PM +0300"}
{"level":"info","message":"Get User id:6804f6fbd73f6caac6b136aa","timestamp":"2025-04-24 07:45:24 PM +0300"}
{"level":"info","message":"Get User id:6804f6fbd73f6caac6b136aa","timestamp":"2025-04-24 07:50:18 PM +0300"}
{"level":"info","message":"Get User id:6804f6fbd73f6caac6b136aa","timestamp":"2025-04-24 07:50:21 PM +0300"}
{"level":"info","message":"Get User id:6804f6fbd73f6caac6b136aa","timestamp":"2025-04-24 07:50:21 PM +0300"}
{"level":"info","message":"Get User id:6804f6fbd73f6caac6b136aa","timestamp":"2025-04-24 07:50:47 PM +0300"}
{"level":"info","message":"Get User id:6804f6fbd73f6caac6b136aa","timestamp":"2025-04-24 07:54:13 PM +0300"}
{"level":"info","message":"Get User id:6804f6fbd73f6caac6b136aa","timestamp":"2025-04-24 07:54:28 PM +0300"}
{"level":"info","message":"Get User id:6804f6fbd73f6caac6b136aa","timestamp":"2025-04-24 07:54:28 PM +0300"}
{"level":"info","message":"Get User id:6804f6fbd73f6caac6b136aa","timestamp":"2025-04-24 07:58:20 PM +0300"}
{"level":"info","message":"Get User id:6804f6fbd73f6caac6b136aa","timestamp":"2025-04-24 07:58:39 PM +0300"}
{"level":"info","message":"Get User id:6804f6fbd73f6caac6b136aa","timestamp":"2025-04-24 07:58:39 PM +0300"}
{"level":"info","message":"Get User id:6804f6fbd73f6caac6b136aa","timestamp":"2025-04-24 08:01:05 PM +0300"}
{"level":"info","message":"Get User id:6804f6fbd73f6caac6b136aa","timestamp":"2025-04-24 08:04:56 PM +0300"}
{"level":"info","message":"Get User id:6804f6fbd73f6caac6b136aa","timestamp":"2025-04-24 08:04:57 PM +0300"}
{"level":"info","message":"Get User id:6804f6fbd73f6caac6b136aa","timestamp":"2025-04-24 08:05:03 PM +0300"}
{"level":"info","message":"Get User id:6804f6fbd73f6caac6b136aa","timestamp":"2025-04-24 08:05:04 PM +0300"}
{"level":"info","message":"Get User id:6804f6fbd73f6caac6b136aa","timestamp":"2025-04-24 08:07:57 PM +0300"}
{"level":"info","message":"Get User id:6804f6fbd73f6caac6b136aa","timestamp":"2025-04-24 08:08:01 PM +0300"}
{"level":"info","message":"Get User id:6804f6fbd73f6caac6b136aa","timestamp":"2025-04-24 08:08:01 PM +0300"}
{"level":"info","message":"Get User id:6804f6fbd73f6caac6b136aa","timestamp":"2025-04-24 08:11:20 PM +0300"}
{"level":"info","message":"Get User id:6804f6fbd73f6caac6b136aa","timestamp":"2025-04-24 08:12:24 PM +0300"}
{"level":"info","message":"Get User id:6804f6fbd73f6caac6b136aa","timestamp":"2025-04-24 08:14:18 PM +0300"}
{"level":"info","message":"Get User id:6804f6fbd73f6caac6b136aa","timestamp":"2025-04-24 08:14:20 PM +0300"}
{"level":"info","message":"Get User id:6804f6fbd73f6caac6b136aa","timestamp":"2025-04-24 08:14:36 PM +0300"}
{"level":"info","message":"Get User id:6804f6fbd73f6caac6b136aa","timestamp":"2025-04-24 08:14:36 PM +0300"}
{"level":"info","message":"Get User id:6804f6fbd73f6caac6b136aa","timestamp":"2025-04-24 08:15:24 PM +0300"}
{"level":"info","message":"Get User id:6804f6fbd73f6caac6b136aa","timestamp":"2025-04-24 08:17:55 PM +0300"}
{"level":"info","message":"Get User id:6804f6fbd73f6caac6b136aa","timestamp":"2025-04-24 08:18:04 PM +0300"}
{"level":"info","message":"Get User id:6804f6fbd73f6caac6b136aa","timestamp":"2025-04-24 08:18:18 PM +0300"}
{"level":"info","message":"Get User id:6804f6fbd73f6caac6b136aa","timestamp":"2025-04-24 08:18:47 PM +0300"}
{"level":"info","message":"Get User id:6804f6fbd73f6caac6b136aa","timestamp":"2025-04-24 08:18:47 PM +0300"}
{"level":"info","message":"Get User id:6804f6fbd73f6caac6b136aa","timestamp":"2025-04-24 08:20:54 PM +0300"}
{"level":"info","message":"Get User id:6804f6fbd73f6caac6b136aa","timestamp":"2025-04-24 08:20:54 PM +0300"}
{"level":"info","message":"Get User id:6804f6fbd73f6caac6b136aa","timestamp":"2025-04-24 08:23:29 PM +0300"}
{"level":"info","message":"Get User id:6804f6fbd73f6caac6b136aa","timestamp":"2025-04-24 08:23:31 PM +0300"}
{"level":"info","message":"Get User id:6804f6fbd73f6caac6b136aa","timestamp":"2025-04-24 08:26:57 PM +0300"}
{"level":"info","message":"Get User id:6804f6fbd73f6caac6b136aa","timestamp":"2025-04-24 08:26:58 PM +0300"}
{"level":"info","message":"Get User id:6804f6fbd73f6caac6b136aa","timestamp":"2025-04-24 08:27:21 PM +0300"}
{"level":"info","message":"Get User id:6804f6fbd73f6caac6b136aa","timestamp":"2025-04-24 08:36:26 PM +0300"}
{"level":"info","message":"Get User id:6804f6fbd73f6caac6b136aa","timestamp":"2025-04-24 08:37:01 PM +0300"}
{"level":"info","message":"Get User id:6804f6fbd73f6caac6b136aa","timestamp":"2025-04-24 08:37:05 PM +0300"}
{"level":"info","message":"Get User id:6804f6fbd73f6caac6b136aa","timestamp":"2025-04-24 08:37:16 PM +0300"}
{"level":"info","message":"Get User id:6804f6fbd73f6caac6b136aa","timestamp":"2025-04-24 08:37:17 PM +0300"}
{"level":"info","message":"Get User id:6804f6fbd73f6caac6b136aa","timestamp":"2025-04-24 08:37:23 PM +0300"}
{"level":"info","message":"Get User id:6804f6fbd73f6caac6b136aa","timestamp":"2025-04-24 08:37:24 PM +0300"}
{"level":"info","message":"Get User id:6804f6fbd73f6caac6b136aa","timestamp":"2025-04-24 08:41:05 PM +0300"}
{"level":"info","message":"Get User id:6804f6fbd73f6caac6b136aa","timestamp":"2025-04-24 08:42:23 PM +0300"}
{"level":"info","message":"Get User id:6804f6fbd73f6caac6b136aa","timestamp":"2025-04-24 08:42:32 PM +0300"}
{"level":"info","message":"Get User id:6804f6fbd73f6caac6b136aa","timestamp":"2025-04-24 08:42:33 PM +0300"}
{"level":"info","message":"Get User id:6804f6fbd73f6caac6b136aa","timestamp":"2025-04-24 08:43:14 PM +0300"}
{"level":"info","message":"Get User id:6804f6fbd73f6caac6b136aa","timestamp":"2025-04-24 08:43:15 PM +0300"}
{"level":"info","message":"Get User id:6804f6fbd73f6caac6b136aa","timestamp":"2025-04-24 08:45:54 PM +0300"}
{"level":"info","message":"Get User id:6804f6fbd73f6caac6b136aa","timestamp":"2025-04-24 08:46:02 PM +0300"}
{"level":"info","message":"Get User id:6804f6fbd73f6caac6b136aa","timestamp":"2025-04-24 08:46:02 PM +0300"}
{"level":"info","message":"Get User id:6804f6fbd73f6caac6b136aa","timestamp":"2025-04-24 08:50:35 PM +0300"}
{"level":"info","message":"Get User id:6804f6fbd73f6caac6b136aa","timestamp":"2025-04-24 08:50:56 PM +0300"}
{"level":"info","message":"Get User id:6804f6fbd73f6caac6b136aa","timestamp":"2025-04-24 08:51:00 PM +0300"}
{"level":"info","message":"Get User id:6804f6fbd73f6caac6b136aa","timestamp":"2025-04-24 08:51:02 PM +0300"}
{"level":"info","message":"Get User id:6804f6fbd73f6caac6b136aa","timestamp":"2025-04-24 08:51:08 PM +0300"}
{"level":"info","message":"Get User id:6804f6fbd73f6caac6b136aa","timestamp":"2025-04-24 08:53:30 PM +0300"}
{"level":"info","message":"Get User id:6804f6fbd73f6caac6b136aa","timestamp":"2025-04-24 08:53:31 PM +0300"}
{"level":"info","message":"Get User id:6804f6fbd73f6caac6b136aa","timestamp":"2025-04-24 08:53:33 PM +0300"}
{"level":"info","message":"Get User id:6804f6fbd73f6caac6b136aa","timestamp":"2025-04-24 08:53:34 PM +0300"}
{"level":"info","message":"Get User id:6804f6fbd73f6caac6b136aa","timestamp":"2025-04-24 08:53:54 PM +0300"}
{"level":"info","message":"Get User id:6804f6fbd73f6caac6b136aa","timestamp":"2025-04-24 08:53:54 PM +0300"}
{"level":"info","message":"Get User id:6804f6fbd73f6caac6b136aa","timestamp":"2025-04-24 08:55:33 PM +0300"}
{"level":"info","message":"Get User id:6804f6fbd73f6caac6b136aa","timestamp":"2025-04-24 08:55:34 PM +0300"}
{"level":"info","message":"Get User id:6804f6fbd73f6caac6b136aa","timestamp":"2025-04-24 08:55:51 PM +0300"}
{"level":"info","message":"Get User id:6804f6fbd73f6caac6b136aa","timestamp":"2025-04-24 08:55:52 PM +0300"}
{"level":"info","message":"Get User id:6804f6fbd73f6caac6b136aa","timestamp":"2025-04-24 09:03:45 PM +0300"}
{"level":"info","message":"Get User id:6804f6fbd73f6caac6b136aa","timestamp":"2025-04-24 09:04:35 PM +0300"}
{"level":"info","message":"Get User id:6804f6fbd73f6caac6b136aa","timestamp":"2025-04-24 09:04:36 PM +0300"}
{"level":"info","message":"Get User id:6804f6fbd73f6caac6b136aa","timestamp":"2025-04-24 09:05:03 PM +0300"}
{"level":"info","message":"Get User id:6804f6fbd73f6caac6b136aa","timestamp":"2025-04-24 09:05:04 PM +0300"}
{"level":"info","message":"Updating a user","timestamp":"2025-04-24 09:07:21 PM +0300"}
{"level":"info","message":"User details update for user no:6804f6fbd73f6caac6b136aa is successfully","timestamp":"2025-04-24 09:07:21 PM +0300"}
{"level":"info","message":"Get User id:6804f6fbd73f6caac6b136aa","timestamp":"2025-04-24 09:11:39 PM +0300"}
{"level":"info","message":"Get User id:6804f6fbd73f6caac6b136aa","timestamp":"2025-04-24 09:11:39 PM +0300"}
{"level":"info","message":"Get User id:6804f6fbd73f6caac6b136aa","timestamp":"2025-04-24 09:12:02 PM +0300"}
{"level":"info","message":"Get User id:6804f6fbd73f6caac6b136aa","timestamp":"2025-04-24 09:12:19 PM +0300"}
{"level":"info","message":"Get User id:6804f6fbd73f6caac6b136aa","timestamp":"2025-04-24 09:12:24 PM +0300"}
{"level":"info","message":"Express server is running on port 8000","timestamp":"2025-04-24 09:40:33 PM +0300"}
{"level":"info","message":"DB connected","timestamp":"2025-04-24 09:40:35 PM +0300"}
{"level":"info","message":"Express server is running on port 8000","timestamp":"2025-04-24 09:42:44 PM +0300"}
{"level":"info","message":"DB connected","timestamp":"2025-04-24 09:42:47 PM +0300"}
{"level":"info","message":"Worker signup","timestamp":"2025-04-24 09:48:56 PM +0300"}
{"level":"info","message":"Worker signup","timestamp":"2025-04-24 09:52:08 PM +0300"}
{"level":"info","message":"Adding User  :fff is successfully","timestamp":"2025-04-24 09:52:09 PM +0300"}
{"level":"info","message":"Get User id:6804f6fbd73f6caac6b136aa","timestamp":"2025-04-24 09:57:06 PM +0300"}
{"level":"info","message":"Get User id:6804f6fbd73f6caac6b136aa","timestamp":"2025-04-24 09:57:07 PM +0300"}
{"level":"info","message":"Updating a user","timestamp":"2025-04-24 09:57:34 PM +0300"}
{"level":"info","message":"User details update for user no:6804f6fbd73f6caac6b136aa is successfully","timestamp":"2025-04-24 09:57:35 PM +0300"}
{"level":"info","message":"Get User id:6804f6fbd73f6caac6b136aa","timestamp":"2025-04-24 09:57:42 PM +0300"}
{"level":"info","message":"Get User id:6804f6fbd73f6caac6b136aa","timestamp":"2025-04-24 09:57:43 PM +0300"}
{"level":"info","message":"Worker signup","timestamp":"2025-04-24 09:58:49 PM +0300"}
{"level":"info","message":"Adding User  :fff is successfully","timestamp":"2025-04-24 09:58:50 PM +0300"}
{"level":"info","message":"Express server is running on port 8000","timestamp":"2025-04-25 05:17:43 PM +0300"}
{"level":"info","message":"DB connected","timestamp":"2025-04-25 05:17:45 PM +0300"}
{"level":"info","message":"Express server is running on port 8000","timestamp":"2025-04-25 05:21:02 PM +0300"}
{"level":"info","message":"DB connected","timestamp":"2025-04-25 05:21:05 PM +0300"}
{"level":"info","message":"Express server is running on port 8000","timestamp":"2025-04-25 05:26:10 PM +0300"}
{"level":"info","message":"DB connected","timestamp":"2025-04-25 05:26:14 PM +0300"}
{"level":"info","message":"Express server is running on port 8000","timestamp":"2025-04-25 05:33:32 PM +0300"}
{"level":"info","message":"DB connected","timestamp":"2025-04-25 05:33:37 PM +0300"}
{"level":"info","message":"Get User id:6804f6fbd73f6caac6b136aa","timestamp":"2025-04-25 05:33:53 PM +0300"}
{"level":"info","message":"Get User id:6804f6fbd73f6caac6b136aa","timestamp":"2025-04-25 05:33:53 PM +0300"}
{"level":"info","message":"Updating a user","timestamp":"2025-04-25 05:34:29 PM +0300"}
{"level":"info","message":"User details update for user no:6804f6fbd73f6caac6b136aa is successfully","timestamp":"2025-04-25 05:34:31 PM +0300"}
{"level":"info","message":"Get User id:6804f6fbd73f6caac6b136aa","timestamp":"2025-04-25 05:34:40 PM +0300"}
{"level":"info","message":"Get User id:6804f6fbd73f6caac6b136aa","timestamp":"2025-04-25 05:34:40 PM +0300"}
{"level":"info","message":"Get User id:6804f6fbd73f6caac6b136aa","timestamp":"2025-04-25 05:34:58 PM +0300"}
{"level":"info","message":"Get User id:6804f6fbd73f6caac6b136aa","timestamp":"2025-04-25 05:34:58 PM +0300"}
{"level":"info","message":"Express server is running on port 8000","timestamp":"2025-04-25 09:01:23 PM +0300"}
{"level":"info","message":"DB connected","timestamp":"2025-04-25 09:01:28 PM +0300"}
{"level":"info","message":"Get User id:6804f6fbd73f6caac6b136aa","timestamp":"2025-04-25 09:01:42 PM +0300"}
{"level":"info","message":"Get User id:6804f6fbd73f6caac6b136aa","timestamp":"2025-04-25 09:01:42 PM +0300"}
{"level":"info","message":"Express server is running on port 8000","timestamp":"2025-04-28 03:17:42 AM +0300"}
{"level":"info","message":"DB connected","timestamp":"2025-04-28 03:17:46 AM +0300"}
{"level":"info","message":"Express server is running on port 8000","timestamp":"2025-04-28 02:14:47 PM +0300"}
{"level":"info","message":"DB connected","timestamp":"2025-04-28 02:14:50 PM +0300"}
{"level":"info","message":"Worker signup","timestamp":"2025-04-28 02:15:31 PM +0300"}
{"level":"info","message":"Adding User  :fffww is successfully","timestamp":"2025-04-28 02:15:32 PM +0300"}
{"level":"info","message":"Get User id:680f635484ea86b1faaf36c8","timestamp":"2025-04-28 02:15:54 PM +0300"}
{"level":"info","message":"Get User id:680f635484ea86b1faaf36c8","timestamp":"2025-04-28 02:15:54 PM +0300"}
{"level":"info","message":"Costumer signup","timestamp":"2025-04-28 02:17:01 PM +0300"}
{"level":"info","message":"Adding User  :fff22 is successfully","timestamp":"2025-04-28 02:17:02 PM +0300"}
{"level":"info","message":"Get User id:680f63ae84ea86b1faaf36cf","timestamp":"2025-04-28 02:17:27 PM +0300"}
{"level":"info","message":"Get User id:680f63ae84ea86b1faaf36cf","timestamp":"2025-04-28 02:17:27 PM +0300"}
{"level":"info","message":"Get User id:680f635484ea86b1faaf36c8","timestamp":"2025-04-28 02:22:42 PM +0300"}
{"level":"info","message":"Get User id:680f635484ea86b1faaf36c8","timestamp":"2025-04-28 02:22:42 PM +0300"}
{"level":"info","message":"Get User id:680f635484ea86b1faaf36c8","timestamp":"2025-04-28 02:28:19 PM +0300"}
{"level":"info","message":"Get User id:680f635484ea86b1faaf36c8","timestamp":"2025-04-28 02:28:25 PM +0300"}
{"level":"info","message":"Get User id:680f635484ea86b1faaf36c8","timestamp":"2025-04-28 02:28:25 PM +0300"}
{"level":"info","message":"Get User id:680f63ae84ea86b1faaf36cf","timestamp":"2025-04-28 02:29:36 PM +0300"}
{"level":"info","message":"Get User id:680f63ae84ea86b1faaf36cf","timestamp":"2025-04-28 02:29:36 PM +0300"}
{"level":"info","message":"Get User id:680f635484ea86b1faaf36c8","timestamp":"2025-04-28 02:30:00 PM +0300"}
{"level":"info","message":"Get User id:680f635484ea86b1faaf36c8","timestamp":"2025-04-28 02:30:01 PM +0300"}
{"level":"info","message":"Get User id:680f635484ea86b1faaf36c8","timestamp":"2025-04-28 02:33:40 PM +0300"}
{"level":"info","message":"Get User id:680f635484ea86b1faaf36c8","timestamp":"2025-04-28 02:33:41 PM +0300"}
{"level":"info","message":"Get User id:680f635484ea86b1faaf36c8","timestamp":"2025-04-28 02:34:12 PM +0300"}
{"level":"info","message":"Get User id:680f635484ea86b1faaf36c8","timestamp":"2025-04-28 02:34:18 PM +0300"}
{"level":"info","message":"Get User id:680f635484ea86b1faaf36c8","timestamp":"2025-04-28 02:34:19 PM +0300"}
{"level":"info","message":"Get User id:680f635484ea86b1faaf36c8","timestamp":"2025-04-28 02:34:35 PM +0300"}
{"level":"info","message":"Get User id:680f635484ea86b1faaf36c8","timestamp":"2025-04-28 02:34:45 PM +0300"}
{"level":"info","message":"Get User id:680f635484ea86b1faaf36c8","timestamp":"2025-04-28 02:34:46 PM +0300"}
{"level":"info","message":"Get User id:680f635484ea86b1faaf36c8","timestamp":"2025-04-28 02:34:47 PM +0300"}
{"level":"info","message":"Get User id:680f635484ea86b1faaf36c8","timestamp":"2025-04-28 02:35:00 PM +0300"}
{"level":"info","message":"Get User id:680f635484ea86b1faaf36c8","timestamp":"2025-04-28 02:35:02 PM +0300"}
{"level":"info","message":"Get User id:680f635484ea86b1faaf36c8","timestamp":"2025-04-28 02:35:05 PM +0300"}
{"level":"info","message":"Get User id:680f635484ea86b1faaf36c8","timestamp":"2025-04-28 02:35:05 PM +0300"}
{"level":"info","message":"Get User id:6804f6fbd73f6caac6b136aa","timestamp":"2025-04-28 02:35:18 PM +0300"}
{"level":"info","message":"Get User id:6804f6fbd73f6caac6b136aa","timestamp":"2025-04-28 02:35:18 PM +0300"}
{"level":"info","message":"Get User id:680f635484ea86b1faaf36c8","timestamp":"2025-04-28 02:35:33 PM +0300"}
{"level":"info","message":"Get User id:680f635484ea86b1faaf36c8","timestamp":"2025-04-28 02:35:33 PM +0300"}
{"level":"info","message":"Get User id:680f63ae84ea86b1faaf36cf","timestamp":"2025-04-28 02:35:45 PM +0300"}
{"level":"info","message":"Get User id:680f63ae84ea86b1faaf36cf","timestamp":"2025-04-28 02:35:45 PM +0300"}
{"level":"info","message":"Get User id:680f635484ea86b1faaf36c8","timestamp":"2025-04-28 02:35:59 PM +0300"}
{"level":"info","message":"Get User id:680f635484ea86b1faaf36c8","timestamp":"2025-04-28 02:35:59 PM +0300"}
{"level":"info","message":"Get User id:680f635484ea86b1faaf36c8","timestamp":"2025-04-28 02:42:08 PM +0300"}
{"level":"info","message":"Get User id:680f635484ea86b1faaf36c8","timestamp":"2025-04-28 02:42:32 PM +0300"}
{"level":"info","message":"Get User id:680f635484ea86b1faaf36c8","timestamp":"2025-04-28 02:42:52 PM +0300"}
{"level":"info","message":"Get User id:680f635484ea86b1faaf36c8","timestamp":"2025-04-28 02:43:44 PM +0300"}
{"level":"info","message":"Get User id:680f635484ea86b1faaf36c8","timestamp":"2025-04-28 02:43:53 PM +0300"}
{"level":"info","message":"Get User id:680f635484ea86b1faaf36c8","timestamp":"2025-04-28 02:43:56 PM +0300"}
{"level":"info","message":"Get User id:680f635484ea86b1faaf36c8","timestamp":"2025-04-28 02:44:06 PM +0300"}
{"level":"info","message":"Get User id:680f635484ea86b1faaf36c8","timestamp":"2025-04-28 02:44:07 PM +0300"}
{"level":"info","message":"Get User id:680f635484ea86b1faaf36c8","timestamp":"2025-04-28 02:44:38 PM +0300"}
{"level":"info","message":"Get User id:680f635484ea86b1faaf36c8","timestamp":"2025-04-28 02:46:17 PM +0300"}
{"level":"info","message":"Get User id:680f635484ea86b1faaf36c8","timestamp":"2025-04-28 02:46:20 PM +0300"}
{"level":"info","message":"Get User id:680f635484ea86b1faaf36c8","timestamp":"2025-04-28 02:46:26 PM +0300"}
{"level":"info","message":"Get User id:680f635484ea86b1faaf36c8","timestamp":"2025-04-28 02:46:27 PM +0300"}
{"level":"info","message":"Get User id:680f635484ea86b1faaf36c8","timestamp":"2025-04-28 02:46:45 PM +0300"}
{"level":"info","message":"Get User id:680f635484ea86b1faaf36c8","timestamp":"2025-04-28 02:46:45 PM +0300"}
{"level":"info","message":"Updating a user","timestamp":"2025-04-28 02:47:11 PM +0300"}
{"level":"info","message":"User details update for user no:680f635484ea86b1faaf36c8 is successfully","timestamp":"2025-04-28 02:47:12 PM +0300"}
{"level":"info","message":"Get User id:680f635484ea86b1faaf36c8","timestamp":"2025-04-28 02:47:20 PM +0300"}
{"level":"info","message":"Get User id:680f635484ea86b1faaf36c8","timestamp":"2025-04-28 02:47:20 PM +0300"}
{"level":"info","message":"Get User id:680f635484ea86b1faaf36c8","timestamp":"2025-04-28 02:48:24 PM +0300"}
{"level":"info","message":"Get User id:680f635484ea86b1faaf36c8","timestamp":"2025-04-28 02:48:25 PM +0300"}
{"level":"info","message":"Get User id:680f635484ea86b1faaf36c8","timestamp":"2025-04-28 02:55:49 PM +0300"}
{"level":"info","message":"Get User id:680f635484ea86b1faaf36c8","timestamp":"2025-04-28 02:55:52 PM +0300"}
{"level":"info","message":"Get User id:680f635484ea86b1faaf36c8","timestamp":"2025-04-28 02:56:22 PM +0300"}
{"level":"info","message":"Get User id:680f635484ea86b1faaf36c8","timestamp":"2025-04-28 02:56:23 PM +0300"}
{"level":"info","message":"Get User id:680f635484ea86b1faaf36c8","timestamp":"2025-04-28 02:57:42 PM +0300"}
{"level":"info","message":"Get User id:680f635484ea86b1faaf36c8","timestamp":"2025-04-28 02:57:48 PM +0300"}
{"level":"info","message":"Get User id:680f635484ea86b1faaf36c8","timestamp":"2025-04-28 02:57:50 PM +0300"}
{"level":"info","message":"Get User id:680f635484ea86b1faaf36c8","timestamp":"2025-04-28 02:58:04 PM +0300"}
{"level":"info","message":"Get User id:680f635484ea86b1faaf36c8","timestamp":"2025-04-28 02:58:04 PM +0300"}
{"level":"info","message":"Get User id:680f635484ea86b1faaf36c8","timestamp":"2025-04-28 03:01:18 PM +0300"}
{"level":"info","message":"Get User id:680f635484ea86b1faaf36c8","timestamp":"2025-04-28 03:01:37 PM +0300"}
{"level":"info","message":"Get User id:680f635484ea86b1faaf36c8","timestamp":"2025-04-28 03:01:39 PM +0300"}
{"level":"info","message":"Get User id:680f635484ea86b1faaf36c8","timestamp":"2025-04-28 03:01:57 PM +0300"}
{"level":"info","message":"Get User id:680f635484ea86b1faaf36c8","timestamp":"2025-04-28 03:02:06 PM +0300"}
{"level":"info","message":"Get User id:680f635484ea86b1faaf36c8","timestamp":"2025-04-28 03:02:35 PM +0300"}
{"level":"info","message":"Get User id:680f635484ea86b1faaf36c8","timestamp":"2025-04-28 03:02:35 PM +0300"}
{"level":"info","message":"Get User id:680f635484ea86b1faaf36c8","timestamp":"2025-04-28 03:07:47 PM +0300"}
{"level":"info","message":"Get User id:680f635484ea86b1faaf36c8","timestamp":"2025-04-28 03:07:48 PM +0300"}
{"level":"info","message":"Get User id:680f635484ea86b1faaf36c8","timestamp":"2025-04-28 03:08:28 PM +0300"}
{"level":"info","message":"Get User id:680f635484ea86b1faaf36c8","timestamp":"2025-04-28 03:08:30 PM +0300"}
{"level":"info","message":"Get User id:680f635484ea86b1faaf36c8","timestamp":"2025-04-28 03:08:52 PM +0300"}
{"level":"info","message":"Get User id:680f635484ea86b1faaf36c8","timestamp":"2025-04-28 03:08:59 PM +0300"}
{"level":"info","message":"Get User id:680f635484ea86b1faaf36c8","timestamp":"2025-04-28 03:09:00 PM +0300"}
{"level":"info","message":"Get User id:680f635484ea86b1faaf36c8","timestamp":"2025-04-28 03:09:38 PM +0300"}
{"level":"info","message":"Get User id:680f635484ea86b1faaf36c8","timestamp":"2025-04-28 03:09:40 PM +0300"}
{"level":"info","message":"Get User id:680f635484ea86b1faaf36c8","timestamp":"2025-04-28 03:09:42 PM +0300"}
{"level":"info","message":"Get User id:680f635484ea86b1faaf36c8","timestamp":"2025-04-28 03:09:43 PM +0300"}
{"level":"info","message":"Get User id:680f635484ea86b1faaf36c8","timestamp":"2025-04-28 03:13:34 PM +0300"}
{"level":"info","message":"Get User id:680f635484ea86b1faaf36c8","timestamp":"2025-04-28 03:14:12 PM +0300"}
{"level":"info","message":"Get User id:680f635484ea86b1faaf36c8","timestamp":"2025-04-28 03:14:12 PM +0300"}
{"level":"info","message":"Get User id:680f635484ea86b1faaf36c8","timestamp":"2025-04-28 03:14:49 PM +0300"}
{"level":"info","message":"Get User id:680f635484ea86b1faaf36c8","timestamp":"2025-04-28 03:15:00 PM +0300"}
{"level":"info","message":"Get User id:680f635484ea86b1faaf36c8","timestamp":"2025-04-28 03:15:30 PM +0300"}
{"level":"info","message":"Get User id:680f635484ea86b1faaf36c8","timestamp":"2025-04-28 03:15:34 PM +0300"}
{"level":"info","message":"Get User id:680f635484ea86b1faaf36c8","timestamp":"2025-04-28 03:15:36 PM +0300"}
{"level":"info","message":"Get User id:680f635484ea86b1faaf36c8","timestamp":"2025-04-28 03:15:38 PM +0300"}
{"level":"info","message":"Get User id:680f635484ea86b1faaf36c8","timestamp":"2025-04-28 03:15:52 PM +0300"}
{"level":"info","message":"Get User id:680f635484ea86b1faaf36c8","timestamp":"2025-04-28 03:16:27 PM +0300"}
{"level":"info","message":"Get User id:680f635484ea86b1faaf36c8","timestamp":"2025-04-28 03:16:35 PM +0300"}
{"level":"info","message":"Get User id:680f635484ea86b1faaf36c8","timestamp":"2025-04-28 03:16:36 PM +0300"}
{"level":"info","message":"Get User id:680f635484ea86b1faaf36c8","timestamp":"2025-04-28 03:16:53 PM +0300"}
{"level":"info","message":"Get User id:680f635484ea86b1faaf36c8","timestamp":"2025-04-28 03:16:53 PM +0300"}
{"level":"info","message":"Updating a user","timestamp":"2025-04-28 03:17:05 PM +0300"}
{"level":"info","message":"User details update for user no:680f635484ea86b1faaf36c8 is successfully","timestamp":"2025-04-28 03:17:05 PM +0300"}
{"level":"info","message":"Get User id:680f635484ea86b1faaf36c8","timestamp":"2025-04-28 03:17:54 PM +0300"}
{"level":"info","message":"Get User id:680f635484ea86b1faaf36c8","timestamp":"2025-04-28 03:18:06 PM +0300"}
{"level":"info","message":"Get User id:680f635484ea86b1faaf36c8","timestamp":"2025-04-28 03:18:18 PM +0300"}
{"level":"info","message":"Get User id:680f635484ea86b1faaf36c8","timestamp":"2025-04-28 03:18:28 PM +0300"}
{"level":"info","message":"Get User id:680f635484ea86b1faaf36c8","timestamp":"2025-04-28 03:18:28 PM +0300"}
{"level":"info","message":"Updating a user","timestamp":"2025-04-28 03:18:45 PM +0300"}
{"level":"info","message":"User details update for user no:680f635484ea86b1faaf36c8 is successfully","timestamp":"2025-04-28 03:18:45 PM +0300"}
{"level":"info","message":"Get User id:680f635484ea86b1faaf36c8","timestamp":"2025-04-28 03:19:20 PM +0300"}
{"level":"info","message":"Get User id:680f635484ea86b1faaf36c8","timestamp":"2025-04-28 03:19:22 PM +0300"}
{"level":"info","message":"Get User id:680f635484ea86b1faaf36c8","timestamp":"2025-04-28 03:19:24 PM +0300"}
{"level":"info","message":"Get User id:680f635484ea86b1faaf36c8","timestamp":"2025-04-28 03:19:26 PM +0300"}
{"level":"info","message":"Get User id:680f635484ea86b1faaf36c8","timestamp":"2025-04-28 03:19:41 PM +0300"}
{"level":"info","message":"Get User id:680f635484ea86b1faaf36c8","timestamp":"2025-04-28 03:19:41 PM +0300"}
{"level":"info","message":"Updating a user","timestamp":"2025-04-28 03:19:55 PM +0300"}
{"level":"info","message":"User details update for user no:680f635484ea86b1faaf36c8 is successfully","timestamp":"2025-04-28 03:19:55 PM +0300"}
{"level":"info","message":"Get User id:6804f6fbd73f6caac6b136aa","timestamp":"2025-04-28 03:20:45 PM +0300"}
{"level":"info","message":"Get User id:6804f6fbd73f6caac6b136aa","timestamp":"2025-04-28 03:20:45 PM +0300"}
