{"level":"info","message":"Get User id:1234567890abcdef12345678","timestamp":"2025-05-17 03:37:49 PM +0300"}
{"level":"info","message":"Get User id:1234567890abcdef12345678","timestamp":"2025-05-17 03:37:49 PM +0300"}
{"level":"info","message":"Updating a user","timestamp":"2025-05-17 03:37:49 PM +0300"}
{"level":"info","message":"Get User id:1234567890abcdef12345678","timestamp":"2025-05-17 03:37:49 PM +0300"}
{"level":"info","message":"User details update for user no:1234567890abcdef12345678 is successfully","timestamp":"2025-05-17 03:37:49 PM +0300"}
{"level":"info","message":"Updating a user","timestamp":"2025-05-17 03:37:49 PM +0300"}
{"level":"info","message":"Updating a user","timestamp":"2025-05-17 03:37:49 PM +0300"}
{"level":"info","message":"Updating a user","timestamp":"2025-05-17 03:37:49 PM +0300"}
{"level":"info","message":"User details update for user no:1234567890abcdef12345678 is successfully","timestamp":"2025-05-17 03:37:49 PM +0300"}
{"level":"info","message":"Updating a user","timestamp":"2025-05-17 03:37:49 PM +0300"}
{"level":"info","message":"Updating a user","timestamp":"2025-05-17 03:37:49 PM +0300"}
{"level":"info","message":"Costumer signup","timestamp":"2025-05-17 03:37:49 PM +0300"}
{"level":"info","message":"Worker signup","timestamp":"2025-05-17 03:37:49 PM +0300"}
{"level":"info","message":"Adding User  :Sahed is successfully","timestamp":"2025-05-17 03:37:49 PM +0300"}
{"level":"info","message":"Adding User  :WorkerName is successfully","timestamp":"2025-05-17 03:37:49 PM +0300"}
{"level":"info","message":"Costumer signup","timestamp":"2025-05-17 03:37:49 PM +0300"}
{"level":"info","message":"Worker signup","timestamp":"2025-05-17 03:37:49 PM +0300"}
{"level":"info","message":"Costumer signup","timestamp":"2025-05-17 03:37:49 PM +0300"}
{"level":"info","message":"Worker signup","timestamp":"2025-05-17 03:37:49 PM +0300"}
{"level":"info","message":"Costumer signup","timestamp":"2025-05-17 03:37:49 PM +0300"}
{"level":"info","message":"Worker signup","timestamp":"2025-05-17 03:37:49 PM +0300"}
{"level":"info","message":"Costumer signup","timestamp":"2025-05-17 03:37:49 PM +0300"}
{"level":"info","message":"Worker signup","timestamp":"2025-05-17 03:37:49 PM +0300"}
{"level":"info","message":"Get User id:1234567890abcdef12345678","timestamp":"2025-05-17 03:49:46 PM +0300"}
{"level":"info","message":"Updating a user","timestamp":"2025-05-17 03:49:46 PM +0300"}
{"level":"info","message":"Get User id:1234567890abcdef12345678","timestamp":"2025-05-17 03:49:46 PM +0300"}
{"level":"info","message":"Get User id:1234567890abcdef12345678","timestamp":"2025-05-17 03:49:46 PM +0300"}
{"level":"info","message":"User details update for user no:1234567890abcdef12345678 is successfully","timestamp":"2025-05-17 03:49:46 PM +0300"}
{"level":"info","message":"Updating a user","timestamp":"2025-05-17 03:49:46 PM +0300"}
{"level":"info","message":"Updating a user","timestamp":"2025-05-17 03:49:46 PM +0300"}
{"level":"info","message":"Updating a user","timestamp":"2025-05-17 03:49:46 PM +0300"}
{"level":"info","message":"User details update for user no:1234567890abcdef12345678 is successfully","timestamp":"2025-05-17 03:49:46 PM +0300"}
{"level":"info","message":"Updating a user","timestamp":"2025-05-17 03:49:46 PM +0300"}
{"level":"info","message":"Updating a user","timestamp":"2025-05-17 03:49:46 PM +0300"}
{"level":"info","message":"Costumer signup","timestamp":"2025-05-17 03:49:46 PM +0300"}
{"level":"info","message":"Worker signup","timestamp":"2025-05-17 03:49:46 PM +0300"}
{"level":"info","message":"Adding User  :Sahed is successfully","timestamp":"2025-05-17 03:49:46 PM +0300"}
{"level":"info","message":"Adding User  :WorkerName is successfully","timestamp":"2025-05-17 03:49:46 PM +0300"}
{"level":"info","message":"Costumer signup","timestamp":"2025-05-17 03:49:46 PM +0300"}
{"level":"info","message":"Costumer signup","timestamp":"2025-05-17 03:49:46 PM +0300"}
{"level":"info","message":"Worker signup","timestamp":"2025-05-17 03:49:46 PM +0300"}
{"level":"info","message":"Costumer signup","timestamp":"2025-05-17 03:49:46 PM +0300"}
{"level":"info","message":"Worker signup","timestamp":"2025-05-17 03:49:46 PM +0300"}
{"level":"info","message":"Costumer signup","timestamp":"2025-05-17 03:49:46 PM +0300"}
{"level":"info","message":"Worker signup","timestamp":"2025-05-17 03:49:46 PM +0300"}
{"level":"info","message":"Worker signup","timestamp":"2025-05-17 03:49:46 PM +0300"}
{"level":"info","message":"Fetched calls for user ${req.userId}","timestamp":"2025-06-12 08:31:43 PM +0300"}
{"level":"info","message":"Rating deleted with ID: 684b0f018d838d0fc5aed3cd","timestamp":"2025-06-12 08:31:45 PM +0300"}
{"level":"info","message":"Updating a user","timestamp":"2025-06-12 08:31:46 PM +0300"}
{"level":"info","message":"Updating a user","timestamp":"2025-06-12 08:31:46 PM +0300"}
{"level":"info","message":"Costumer signup","timestamp":"2025-06-12 08:31:52 PM +0300"}
{"level":"info","message":"Adding User  :Sahed is successfully","timestamp":"2025-06-12 08:31:52 PM +0300"}
{"level":"info","message":"Costumer signup","timestamp":"2025-06-12 08:31:52 PM +0300"}
{"level":"info","message":"Worker signup","timestamp":"2025-06-12 08:31:52 PM +0300"}
{"level":"info","message":"Adding User  :WorkerName is successfully","timestamp":"2025-06-12 08:31:52 PM +0300"}
{"level":"info","message":"Worker signup","timestamp":"2025-06-12 08:31:52 PM +0300"}
{"level":"info","message":"Updating a user","timestamp":"2025-06-12 08:31:52 PM +0300"}
{"level":"info","message":"Updating a user","timestamp":"2025-06-12 08:31:52 PM +0300"}
{"level":"info","message":"User details update for user no:1234567890abcdef12345678 is successfully","timestamp":"2025-06-12 08:31:52 PM +0300"}
{"level":"info","message":"Get User id:684b0f09e592a2fc9fd9f323","timestamp":"2025-06-12 08:31:53 PM +0300"}
{"level":"info","message":"Delete a user","timestamp":"2025-06-12 08:31:56 PM +0300"}
{"level":"info","message":"Costumer signup","timestamp":"2025-06-12 08:32:04 PM +0300"}
{"level":"info","message":"Worker signup","timestamp":"2025-06-12 08:32:05 PM +0300"}
{"level":"info","message":"Get User id:1234567890abcdef12345678","timestamp":"2025-06-12 08:32:13 PM +0300"}
{"level":"info","message":"Delete a user","timestamp":"2025-06-12 08:32:15 PM +0300"}
{"level":"info","message":"Deleting user no:123 is successfully","timestamp":"2025-06-12 08:32:15 PM +0300"}
{"level":"info","message":"Delete a user","timestamp":"2025-06-12 08:33:25 PM +0300"}
{"level":"info","message":"Worker signup","timestamp":"2025-06-12 08:33:25 PM +0300"}
{"level":"info","message":"Costumer signup","timestamp":"2025-06-12 08:33:26 PM +0300"}
{"level":"info","message":"Get User id:684b0f67164562bb3aa1585d","timestamp":"2025-06-12 08:33:27 PM +0300"}
{"level":"info","message":"Updating a user","timestamp":"2025-06-12 08:33:29 PM +0300"}
{"level":"info","message":"Updating a user","timestamp":"2025-06-12 08:33:29 PM +0300"}
{"level":"info","message":"Fetched calls for user ${req.userId}","timestamp":"2025-06-12 08:33:29 PM +0300"}
{"level":"info","message":"Rating deleted with ID: 684b0f6ed4ab0edda5296ca3","timestamp":"2025-06-12 08:33:34 PM +0300"}
{"level":"info","message":"Costumer signup","timestamp":"2025-06-12 08:33:34 PM +0300"}
{"level":"info","message":"Adding User  :Sahed is successfully","timestamp":"2025-06-12 08:33:34 PM +0300"}
{"level":"info","message":"Costumer signup","timestamp":"2025-06-12 08:33:34 PM +0300"}
{"level":"info","message":"Worker signup","timestamp":"2025-06-12 08:33:35 PM +0300"}
{"level":"info","message":"Adding User  :WorkerName is successfully","timestamp":"2025-06-12 08:33:35 PM +0300"}
{"level":"info","message":"Worker signup","timestamp":"2025-06-12 08:33:35 PM +0300"}
{"level":"info","message":"Updating a user","timestamp":"2025-06-12 08:33:36 PM +0300"}
{"level":"info","message":"Updating a user","timestamp":"2025-06-12 08:33:36 PM +0300"}
{"level":"info","message":"User details update for user no:1234567890abcdef12345678 is successfully","timestamp":"2025-06-12 08:33:36 PM +0300"}
{"level":"info","message":"Get User id:1234567890abcdef12345678","timestamp":"2025-06-12 08:33:36 PM +0300"}
{"level":"info","message":"Delete a user","timestamp":"2025-06-12 08:33:38 PM +0300"}
{"level":"info","message":"Deleting user no:123 is successfully","timestamp":"2025-06-12 08:33:38 PM +0300"}
{"level":"info","message":"Updating a user","timestamp":"2025-06-12 08:35:02 PM +0300"}
{"level":"info","message":"Updating a user","timestamp":"2025-06-12 08:35:02 PM +0300"}
{"level":"info","message":"Get User id:684b0fc7af1fa73451bad921","timestamp":"2025-06-12 08:35:03 PM +0300"}
{"level":"info","message":"Fetched calls for user ${req.userId}","timestamp":"2025-06-12 08:35:05 PM +0300"}
{"level":"info","message":"Delete a user","timestamp":"2025-06-12 08:35:08 PM +0300"}
{"level":"info","message":"Worker signup","timestamp":"2025-06-12 08:35:09 PM +0300"}
{"level":"info","message":"Costumer signup","timestamp":"2025-06-12 08:35:10 PM +0300"}
{"level":"info","message":"Rating deleted with ID: 684b0fce99aa5cd15e5edb42","timestamp":"2025-06-12 08:35:10 PM +0300"}
{"level":"info","message":"Costumer signup","timestamp":"2025-06-12 08:35:13 PM +0300"}
{"level":"info","message":"Adding User  :Sahed is successfully","timestamp":"2025-06-12 08:35:13 PM +0300"}
{"level":"info","message":"Costumer signup","timestamp":"2025-06-12 08:35:13 PM +0300"}
{"level":"info","message":"Updating a user","timestamp":"2025-06-12 08:35:14 PM +0300"}
{"level":"info","message":"Updating a user","timestamp":"2025-06-12 08:35:14 PM +0300"}
{"level":"info","message":"User details update for user no:1234567890abcdef12345678 is successfully","timestamp":"2025-06-12 08:35:14 PM +0300"}
{"level":"info","message":"Worker signup","timestamp":"2025-06-12 08:35:14 PM +0300"}
{"level":"info","message":"Adding User  :WorkerName is successfully","timestamp":"2025-06-12 08:35:14 PM +0300"}
{"level":"info","message":"Worker signup","timestamp":"2025-06-12 08:35:14 PM +0300"}
{"level":"info","message":"Get User id:1234567890abcdef12345678","timestamp":"2025-06-12 08:35:16 PM +0300"}
{"level":"info","message":"Delete a user","timestamp":"2025-06-12 08:35:18 PM +0300"}
{"level":"info","message":"Deleting user no:123 is successfully","timestamp":"2025-06-12 08:35:18 PM +0300"}
